#
# A fatal error has been detected by the Java Runtime Environment:
#
#  EXCEPTION_ACCESS_VIOLATION (0xc0000005) at pc=0x00007ff8ee8e6834, pid=8408, tid=10972
#
# JRE version: Java(TM) SE Runtime Environment (21.0.1+12) (build 21.0.1+12-LTS-29)
# Java VM: Java HotSpot(TM) 64-Bit Server VM (21.0.1+12-LTS-29, mixed mode, sharing, tiered, compressed oops, compressed class ptrs, g1 gc, windows-amd64)
# Problematic frame:
# C  [jdwp.dll+0x26834]
#
# No core dump will be written. Minidumps are not enabled by default on client versions of Windows
#
# If you would like to submit a bug report, please visit:
#   https://bugreport.java.com/bugreport/crash.jsp
# The crash happened outside the Java Virtual Machine in native code.
# See problematic frame for where to report the bug.
#

---------------  S U M M A R Y ------------

Command Line: -agentlib:jdwp=transport=dt_socket,address=127.0.0.1:53030,suspend=y,server=n -javaagent:C:\Users\v22\AppData\Local\JetBrains\IntelliJIdea2023.3\captureAgent\debugger-agent.jar -Dfile.encoding=UTF-8 -Dsun.stdout.encoding=UTF-8 -Dsun.stderr.encoding=UTF-8 dev.mv.ems.Main

Host: Intel(R) Core(TM) i3-8100 CPU @ 3.60GHz, 4 cores, 15G,  Windows 10 , 64 bit Build 19041 (10.0.19041.2364)
Time: Thu Dec 21 18:12:47 2023 Mitteleuropäische Zeit elapsed time: 0.732779 seconds (0d 0h 0m 0s)

---------------  T H R E A D  ---------------

Current thread (0x000002136f526970):  JavaThread "main"             [_thread_in_native, id=10972, stack(0x000000a490600000,0x000000a490700000) (1024K)]

Stack: [0x000000a490600000,0x000000a490700000],  sp=0x000000a4906fda88,  free space=1014k
Native frames: (J=compiled Java code, j=interpreted, Vv=VM code, C=native code)
C  [jdwp.dll+0x26834]

Java frames: (J=compiled Java code, j=interpreted, Vv=VM code)
j  org.lwjgl.openal.ALC.create(Ljava/lang/String;)V+10
j  org.lwjgl.openal.ALC.create()V+69
j  org.lwjgl.openal.ALC.<clinit>()V+29
v  ~StubRoutines::call_stub 0x000002130753100d
j  org.lwjgl.openal.ALC10.nalcGetString(JI)J+0
j  org.lwjgl.openal.ALC10.alcGetString(JI)Ljava/lang/String;+2
j  dev.mv.engine.audio.Audio.<init>(I)V+42
j  dev.mv.engine.audio.Audio.init(I)Ldev/mv/engine/audio/Audio;+23
j  dev.mv.engine.MVEngine.init(Ldev/mv/engine/ApplicationConfig;)Ldev/mv/engine/MVEngine;+58
j  dev.mv.ems.Main.main([Ljava/lang/String;)V+149
v  ~StubRoutines::call_stub 0x000002130753100d

siginfo: EXCEPTION_ACCESS_VIOLATION (0xc0000005), reading address 0xffffffffffffffff


Registers:
RAX=0x000002137f357a80, RBX=0x000002136d444f10, RCX=0x000002136f526d28, RDX=0x000002136d444f10
RSP=0x000000a4906fda88, RBP=0x0000000000000002, RSI=0x000000a4906fdb30, RDI=0x000002136f526d28
R8 =0x0000000000010002, R9 =0x0000000000000000, R10=0x00007ff8e8370000, R11=0x000000a4906fda58
R12=0x0000000000000007, R13=0x000002136f5261a0, R14=0x00007ff8ee8f0200, R15=0x0000000000000000
RIP=0x00007ff8ee8e6834, EFLAGS=0x0000000000010202


Register to memory mapping:

RAX=0x000002137f357a80 points into unknown readable memory: 0x0000000000000000 | 00 00 00 00 00 00 00 00
RBX=0x000002136d444f10 points into unknown readable memory: 0x0000000712609c38 | 38 9c 60 12 07 00 00 00
RCX=0x000002136f526d28 points into unknown readable memory: 0x000002137f357a80 | 80 7a 35 7f 13 02 00 00
RDX=0x000002136d444f10 points into unknown readable memory: 0x0000000712609c38 | 38 9c 60 12 07 00 00 00
RSP=0x000000a4906fda88 is pointing into the stack for thread: 0x000002136f526970
RBP=0x0000000000000002 is an unknown value
RSI=0x000000a4906fdb30 is pointing into the stack for thread: 0x000002136f526970
RDI=0x000002136f526d28 points into unknown readable memory: 0x000002137f357a80 | 80 7a 35 7f 13 02 00 00
R8 =0x0000000000010002 is an unknown value
R9 =0x0 is null
R10=0x00007ff8e8370000 VCRUNTIME140.dll
R11=0x000000a4906fda58 is pointing into the stack for thread: 0x000002136f526970
R12=0x0000000000000007 is an unknown value
R13=0x000002136f5261a0 points into unknown readable memory: 0x00007ff8948a5040 | 40 50 8a 94 f8 7f 00 00
R14=0x00007ff8ee8f0200 jdwp.dll
R15=0x0 is null

Top of Stack: (sp=0x000000a4906fda88)
0x000000a4906fda88:   00007ff8ee8d60d7 000002136d444f10
0x000000a4906fda98:   000000a4906fdb30 0000000000000000
0x000000a4906fdaa8:   0000000000000000 000002130f480090
0x000000a4906fdab8:   000074651a45ebf4 000002136d41f890
0x000000a4906fdac8:   00007ff8ee8f02d8 000002136d444f10
0x000000a4906fdad8:   00007ff8ee8d2757 000002136d444f10
0x000000a4906fdae8:   0000000000000002 000002136f526d28
0x000000a4906fdaf8:   000002136d444f18 000002130f000e80
0x000000a4906fdb08:   00000213504e6670 000000a4906fdc10
0x000000a4906fdb18:   0000000000000000 000000a4906fdd90
0x000000a4906fdb28:   000002131001cef8 0000000000000007
0x000000a4906fdb38:   000002136d444f10 0000000000000000
0x000000a4906fdb48:   000002136d444f18 0000000000000000
0x000000a4906fdb58:   0000000000000000 0000000000000000
0x000000a4906fdb68:   0000000000000000 0000000000000000
0x000000a4906fdb78:   0000000000000000 0000000000000000
0x000000a4906fdb88:   000002136d444f10 0000021310028200
0x000000a4906fdb98:   00007ff8942682a7 000002136d444f18
0x000000a4906fdba8:   000002137f0b66c0 000002136f526970
0x000000a4906fdbb8:   00007ff8942b0bb1 000002136d41f840
0x000000a4906fdbc8:   000002136f526970 0000000000000000
0x000000a4906fdbd8:   000000a4906fdce0 0000021310028200
0x000000a4906fdbe8:   0000021350478452 000002136d410be0
0x000000a4906fdbf8:   000002136f526fe0 000002136f526ff0
0x000000a4906fdc08:   000002136f5273c8 00000000000003d8
0x000000a4906fdc18:   000002136f526970 000002136f526970
0x000000a4906fdc28:   000002136d40fe20 000002136d431020
0x000000a4906fdc38:   000002136d431040 000002136d431108
0x000000a4906fdc48:   00000000000000d8 000000a4906fdc60
0x000000a4906fdc58:   00007ff893f6d511 000002136f526970
0x000000a4906fdc68:   000002136d40fe20 000002136d431020
0x000000a4906fdc78:   000002136d431040 000002136d431108 

Instructions: (pc=0x00007ff8ee8e6834)
0x00007ff8ee8e6734:   05 c7 09 01 00 48 8b 03 48 8b d7 4d 8b 40 30 48
0x00007ff8ee8e6744:   8b cb 48 8b 5c 24 30 48 83 c4 20 5f 48 ff a0 00
0x00007ff8ee8e6754:   01 00 00 cc 48 89 5c 24 08 57 48 83 ec 20 48 8b
0x00007ff8ee8e6764:   f9 e8 f2 ea ff ff 4c 8b 05 8f 09 01 00 48 8b d8
0x00007ff8ee8e6774:   41 f6 80 10 02 00 00 02 74 33 41 b8 20 06 00 00
0x00007ff8ee8e6784:   48 8d 15 ad c3 00 00 48 8d 0d 72 5c 00 00 e8 d9
0x00007ff8ee8e6794:   48 ff ff 48 8d 15 ea 99 00 00 48 8d 0d 73 5c 00
0x00007ff8ee8e67a4:   00 e8 6e 49 ff ff 4c 8b 05 4f 09 01 00 48 8b 03
0x00007ff8ee8e67b4:   48 8b d7 4d 8b 40 38 48 8b cb 48 8b 5c 24 30 48
0x00007ff8ee8e67c4:   83 c4 20 5f 48 ff a0 00 01 00 00 cc 48 89 5c 24
0x00007ff8ee8e67d4:   08 57 48 83 ec 20 48 8b f9 e8 7a ea ff ff 48 8b
0x00007ff8ee8e67e4:   15 17 09 01 00 48 8b d8 f6 82 10 02 00 00 02 74
0x00007ff8ee8e67f4:   2c 41 b8 12 06 00 00 48 8d 15 36 c3 00 00 48 8d
0x00007ff8ee8e6804:   0d fb 5b 00 00 e8 62 48 ff ff 48 8d 15 db 6c 00
0x00007ff8ee8e6814:   00 48 8d 0d fc 5b 00 00 e8 f7 48 ff ff 48 8b 03
0x00007ff8ee8e6824:   48 8b d7 48 8b cb 48 8b 5c 24 30 48 83 c4 20 5f
0x00007ff8ee8e6834:   48 ff a0 50 07 00 00 cc 48 89 5c 24 08 48 89 74
0x00007ff8ee8e6844:   24 10 48 89 7c 24 18 41 56 48 83 ec 20 4c 63 f2
0x00007ff8ee8e6854:   49 8b d8 48 8b d1 41 8b f9 48 8b cb 4d 8d 46 ff
0x00007ff8ee8e6864:   ff 15 06 5a 00 00 85 c0 75 3c 41 0f be 44 1e ff
0x00007ff8ee8e6874:   3b c7 75 32 49 03 de eb 10 0f be c8 ff 15 da 59
0x00007ff8ee8e6884:   00 00 85 c0 74 09 48 ff c3 8a 03 84 c0 75 ea 80
0x00007ff8ee8e6894:   3b 3b 74 12 8b d7 48 8b cb e8 30 4b 00 00 48 85
0x00007ff8ee8e68a4:   c0 0f 94 c0 eb 02 32 c0 48 8b 5c 24 30 48 8b 74
0x00007ff8ee8e68b4:   24 38 48 8b 7c 24 40 48 83 c4 20 41 5e c3 cc cc
0x00007ff8ee8e68c4:   0f b6 d1 83 fa 1e 0f 87 83 00 00 00 74 7b 83 fa
0x00007ff8ee8e68d4:   07 77 41 74 39 83 ea 01 74 2e 83 ea 01 74 23 83
0x00007ff8ee8e68e4:   ea 01 74 18 83 ea 01 74 0d 83 fa 02 0f 85 8a 00
0x00007ff8ee8e68f4:   00 00 8d 42 03 c3 b8 04 00 00 00 c3 b8 03 00 00
0x00007ff8ee8e6904:   00 c3 b8 02 00 00 00 c3 b8 01 00 00 00 c3 b8 06
0x00007ff8ee8e6914:   00 00 00 c3 b8 08 00 00 00 2b d0 74 26 83 ea 01
0x00007ff8ee8e6924:   0f 84 88 00 00 00 83 ea 01 74 12 b8 0a 00 00 00 


Stack slot to memory mapping:

stack at sp + 0 slots: 0x00007ff8ee8d60d7 jdwp.dll
stack at sp + 1 slots: 0x000002136d444f10 points into unknown readable memory: 0x0000000712609c38 | 38 9c 60 12 07 00 00 00
stack at sp + 2 slots: 0x000000a4906fdb30 is pointing into the stack for thread: 0x000002136f526970
stack at sp + 3 slots: 0x0 is null
stack at sp + 4 slots: 0x0 is null
stack at sp + 5 slots: 0x000002130f480090 is pointing into metadata
stack at sp + 6 slots: 0x000074651a45ebf4 is an unknown value
stack at sp + 7 slots: 0x000002136d41f890 points into unknown readable memory: 0x8000001200000001 | 01 00 00 00 12 00 00 80


---------------  P R O C E S S  ---------------

Threads class SMR info:
_java_thread_list=0x000002137f171fa0, length=14, elements={
0x000002136f526970, 0x000002137ed85860, 0x000002137ed86780, 0x000002137ed8b910,
0x000002137ed8c370, 0x000002137ed8f3f0, 0x000002137ed9b950, 0x000002137eda20c0,
0x000002137edab740, 0x000002137ed9a5a0, 0x000002137f03a3a0, 0x000002137f042850,
0x000002137f042ed0, 0x000002137ed99f10
}

Java Threads: ( => current thread )
=>0x000002136f526970 JavaThread "main"                              [_thread_in_native, id=10972, stack(0x000000a490600000,0x000000a490700000) (1024K)]
  0x000002137ed85860 JavaThread "Reference Handler"          daemon [_thread_blocked, id=6408, stack(0x000000a490e00000,0x000000a490f00000) (1024K)]
  0x000002137ed86780 JavaThread "Finalizer"                  daemon [_thread_blocked, id=11176, stack(0x000000a490f00000,0x000000a491000000) (1024K)]
  0x000002137ed8b910 JavaThread "Signal Dispatcher"          daemon [_thread_blocked, id=9784, stack(0x000000a491000000,0x000000a491100000) (1024K)]
  0x000002137ed8c370 JavaThread "Attach Listener"            daemon [_thread_blocked, id=6984, stack(0x000000a491100000,0x000000a491200000) (1024K)]
  0x000002137ed8f3f0 JavaThread "Service Thread"             daemon [_thread_blocked, id=7640, stack(0x000000a491200000,0x000000a491300000) (1024K)]
  0x000002137ed9b950 JavaThread "Monitor Deflation Thread"   daemon [_thread_blocked, id=12580, stack(0x000000a491300000,0x000000a491400000) (1024K)]
  0x000002137eda20c0 JavaThread "C2 CompilerThread0"         daemon [_thread_blocked, id=8080, stack(0x000000a491400000,0x000000a491500000) (1024K)]
  0x000002137edab740 JavaThread "C1 CompilerThread0"         daemon [_thread_blocked, id=9528, stack(0x000000a491500000,0x000000a491600000) (1024K)]
  0x000002137ed9a5a0 JavaThread "Common-Cleaner"             daemon [_thread_blocked, id=12012, stack(0x000000a491600000,0x000000a491700000) (1024K)]
  0x000002137f03a3a0 JavaThread "JDWP Transport Listener: dt_socket" daemon [_thread_blocked, id=3248, stack(0x000000a491700000,0x000000a491800000) (1024K)]
  0x000002137f042850 JavaThread "JDWP Event Helper Thread"   daemon [_thread_blocked, id=6828, stack(0x000000a491800000,0x000000a491900000) (1024K)]
  0x000002137f042ed0 JavaThread "JDWP Command Reader"        daemon [_thread_in_native, id=13040, stack(0x000000a491900000,0x000000a491a00000) (1024K)]
  0x000002137ed99f10 JavaThread "Notification Thread"        daemon [_thread_blocked, id=11320, stack(0x000000a491a00000,0x000000a491b00000) (1024K)]
Total: 14

Other Threads:
  0x000002137ed62c10 VMThread "VM Thread"                           [id=10060, stack(0x000000a490d00000,0x000000a490e00000) (1024K)]
  0x000002137ed4ecf0 WatcherThread "VM Periodic Task Thread"        [id=7192, stack(0x000000a490c00000,0x000000a490d00000) (1024K)]
  0x000002136f53d850 WorkerThread "GC Thread#0"                     [id=2108, stack(0x000000a490700000,0x000000a490800000) (1024K)]
  0x000002136d4fb830 ConcurrentGCThread "G1 Main Marker"            [id=3784, stack(0x000000a490800000,0x000000a490900000) (1024K)]
  0x000002136d4fcff0 WorkerThread "G1 Conc#0"                       [id=5960, stack(0x000000a490900000,0x000000a490a00000) (1024K)]
  0x000002137ec234c0 ConcurrentGCThread "G1 Refine#0"               [id=3328, stack(0x000000a490a00000,0x000000a490b00000) (1024K)]
  0x000002137ec23ce0 ConcurrentGCThread "G1 Service"                [id=9660, stack(0x000000a490b00000,0x000000a490c00000) (1024K)]
Total: 7

Threads with active compile tasks:
Total: 0

VM state: not at safepoint (normal execution)

VM Mutex/Monitor currently owned by a thread: None

Heap address: 0x0000000702a00000, size: 4054 MB, Compressed Oops mode: Zero based, Oop shift amount: 3

CDS archive(s) mapped at: [0x000002130f000000-0x000002130fc90000-0x000002130fc90000), size 13172736, SharedBaseAddress: 0x000002130f000000, ArchiveRelocationMode: 1.
Compressed class space mapped at: 0x0000021310000000-0x0000021350000000, reserved size: 1073741824
Narrow klass base: 0x000002130f000000, Narrow klass shift: 0, Narrow klass range: 0x100000000

GC Precious Log:
 CardTable entry size: 512
 Card Set container configuration: InlinePtr #cards 4 size 8 Array Of Cards #cards 16 size 48 Howl #buckets 8 coarsen threshold 3686 Howl Bitmap #cards 512 size 80 coarsen threshold 460 Card regions per heap region 1 cards per card region 4096
 CPUs: 4 total, 4 available
 Memory: 16211M
 Large Page Support: Disabled
 NUMA Support: Disabled
 Compressed Oops: Enabled (Zero based)
 Heap Region Size: 2M
 Heap Min Capacity: 8M
 Heap Initial Capacity: 254M
 Heap Max Capacity: 4054M
 Pre-touch: Disabled
 Parallel Workers: 4
 Concurrent Workers: 1
 Concurrent Refinement Workers: 4
 Periodic GC: Disabled

Heap:
 garbage-first heap   total 260096K, used 10240K [0x0000000702a00000, 0x0000000800000000)
  region size 2048K, 6 young (12288K), 0 survivors (0K)
 Metaspace       used 2570K, committed 2752K, reserved 1114112K
  class space    used 234K, committed 320K, reserved 1048576K

Heap Regions: E=young(eden), S=young(survivor), O=old, HS=humongous(starts), HC=humongous(continues), CS=collection set, F=free, TAMS=top-at-mark-start, PB=parsable bottom
|   0|0x0000000702a00000, 0x0000000702a00000, 0x0000000702c00000|  0%| F|  |TAMS 0x0000000702a00000| PB 0x0000000702a00000| Untracked 
|   1|0x0000000702c00000, 0x0000000702c00000, 0x0000000702e00000|  0%| F|  |TAMS 0x0000000702c00000| PB 0x0000000702c00000| Untracked 
|   2|0x0000000702e00000, 0x0000000702e00000, 0x0000000703000000|  0%| F|  |TAMS 0x0000000702e00000| PB 0x0000000702e00000| Untracked 
|   3|0x0000000703000000, 0x0000000703000000, 0x0000000703200000|  0%| F|  |TAMS 0x0000000703000000| PB 0x0000000703000000| Untracked 
|   4|0x0000000703200000, 0x0000000703200000, 0x0000000703400000|  0%| F|  |TAMS 0x0000000703200000| PB 0x0000000703200000| Untracked 
|   5|0x0000000703400000, 0x0000000703400000, 0x0000000703600000|  0%| F|  |TAMS 0x0000000703400000| PB 0x0000000703400000| Untracked 
|   6|0x0000000703600000, 0x0000000703600000, 0x0000000703800000|  0%| F|  |TAMS 0x0000000703600000| PB 0x0000000703600000| Untracked 
|   7|0x0000000703800000, 0x0000000703800000, 0x0000000703a00000|  0%| F|  |TAMS 0x0000000703800000| PB 0x0000000703800000| Untracked 
|   8|0x0000000703a00000, 0x0000000703a00000, 0x0000000703c00000|  0%| F|  |TAMS 0x0000000703a00000| PB 0x0000000703a00000| Untracked 
|   9|0x0000000703c00000, 0x0000000703c00000, 0x0000000703e00000|  0%| F|  |TAMS 0x0000000703c00000| PB 0x0000000703c00000| Untracked 
|  10|0x0000000703e00000, 0x0000000703e00000, 0x0000000704000000|  0%| F|  |TAMS 0x0000000703e00000| PB 0x0000000703e00000| Untracked 
|  11|0x0000000704000000, 0x0000000704000000, 0x0000000704200000|  0%| F|  |TAMS 0x0000000704000000| PB 0x0000000704000000| Untracked 
|  12|0x0000000704200000, 0x0000000704200000, 0x0000000704400000|  0%| F|  |TAMS 0x0000000704200000| PB 0x0000000704200000| Untracked 
|  13|0x0000000704400000, 0x0000000704400000, 0x0000000704600000|  0%| F|  |TAMS 0x0000000704400000| PB 0x0000000704400000| Untracked 
|  14|0x0000000704600000, 0x0000000704600000, 0x0000000704800000|  0%| F|  |TAMS 0x0000000704600000| PB 0x0000000704600000| Untracked 
|  15|0x0000000704800000, 0x0000000704800000, 0x0000000704a00000|  0%| F|  |TAMS 0x0000000704800000| PB 0x0000000704800000| Untracked 
|  16|0x0000000704a00000, 0x0000000704a00000, 0x0000000704c00000|  0%| F|  |TAMS 0x0000000704a00000| PB 0x0000000704a00000| Untracked 
|  17|0x0000000704c00000, 0x0000000704c00000, 0x0000000704e00000|  0%| F|  |TAMS 0x0000000704c00000| PB 0x0000000704c00000| Untracked 
|  18|0x0000000704e00000, 0x0000000704e00000, 0x0000000705000000|  0%| F|  |TAMS 0x0000000704e00000| PB 0x0000000704e00000| Untracked 
|  19|0x0000000705000000, 0x0000000705000000, 0x0000000705200000|  0%| F|  |TAMS 0x0000000705000000| PB 0x0000000705000000| Untracked 
|  20|0x0000000705200000, 0x0000000705200000, 0x0000000705400000|  0%| F|  |TAMS 0x0000000705200000| PB 0x0000000705200000| Untracked 
|  21|0x0000000705400000, 0x0000000705400000, 0x0000000705600000|  0%| F|  |TAMS 0x0000000705400000| PB 0x0000000705400000| Untracked 
|  22|0x0000000705600000, 0x0000000705600000, 0x0000000705800000|  0%| F|  |TAMS 0x0000000705600000| PB 0x0000000705600000| Untracked 
|  23|0x0000000705800000, 0x0000000705800000, 0x0000000705a00000|  0%| F|  |TAMS 0x0000000705800000| PB 0x0000000705800000| Untracked 
|  24|0x0000000705a00000, 0x0000000705a00000, 0x0000000705c00000|  0%| F|  |TAMS 0x0000000705a00000| PB 0x0000000705a00000| Untracked 
|  25|0x0000000705c00000, 0x0000000705c00000, 0x0000000705e00000|  0%| F|  |TAMS 0x0000000705c00000| PB 0x0000000705c00000| Untracked 
|  26|0x0000000705e00000, 0x0000000705e00000, 0x0000000706000000|  0%| F|  |TAMS 0x0000000705e00000| PB 0x0000000705e00000| Untracked 
|  27|0x0000000706000000, 0x0000000706000000, 0x0000000706200000|  0%| F|  |TAMS 0x0000000706000000| PB 0x0000000706000000| Untracked 
|  28|0x0000000706200000, 0x0000000706200000, 0x0000000706400000|  0%| F|  |TAMS 0x0000000706200000| PB 0x0000000706200000| Untracked 
|  29|0x0000000706400000, 0x0000000706400000, 0x0000000706600000|  0%| F|  |TAMS 0x0000000706400000| PB 0x0000000706400000| Untracked 
|  30|0x0000000706600000, 0x0000000706600000, 0x0000000706800000|  0%| F|  |TAMS 0x0000000706600000| PB 0x0000000706600000| Untracked 
|  31|0x0000000706800000, 0x0000000706800000, 0x0000000706a00000|  0%| F|  |TAMS 0x0000000706800000| PB 0x0000000706800000| Untracked 
|  32|0x0000000706a00000, 0x0000000706a00000, 0x0000000706c00000|  0%| F|  |TAMS 0x0000000706a00000| PB 0x0000000706a00000| Untracked 
|  33|0x0000000706c00000, 0x0000000706c00000, 0x0000000706e00000|  0%| F|  |TAMS 0x0000000706c00000| PB 0x0000000706c00000| Untracked 
|  34|0x0000000706e00000, 0x0000000706e00000, 0x0000000707000000|  0%| F|  |TAMS 0x0000000706e00000| PB 0x0000000706e00000| Untracked 
|  35|0x0000000707000000, 0x0000000707000000, 0x0000000707200000|  0%| F|  |TAMS 0x0000000707000000| PB 0x0000000707000000| Untracked 
|  36|0x0000000707200000, 0x0000000707200000, 0x0000000707400000|  0%| F|  |TAMS 0x0000000707200000| PB 0x0000000707200000| Untracked 
|  37|0x0000000707400000, 0x0000000707400000, 0x0000000707600000|  0%| F|  |TAMS 0x0000000707400000| PB 0x0000000707400000| Untracked 
|  38|0x0000000707600000, 0x0000000707600000, 0x0000000707800000|  0%| F|  |TAMS 0x0000000707600000| PB 0x0000000707600000| Untracked 
|  39|0x0000000707800000, 0x0000000707800000, 0x0000000707a00000|  0%| F|  |TAMS 0x0000000707800000| PB 0x0000000707800000| Untracked 
|  40|0x0000000707a00000, 0x0000000707a00000, 0x0000000707c00000|  0%| F|  |TAMS 0x0000000707a00000| PB 0x0000000707a00000| Untracked 
|  41|0x0000000707c00000, 0x0000000707c00000, 0x0000000707e00000|  0%| F|  |TAMS 0x0000000707c00000| PB 0x0000000707c00000| Untracked 
|  42|0x0000000707e00000, 0x0000000707e00000, 0x0000000708000000|  0%| F|  |TAMS 0x0000000707e00000| PB 0x0000000707e00000| Untracked 
|  43|0x0000000708000000, 0x0000000708000000, 0x0000000708200000|  0%| F|  |TAMS 0x0000000708000000| PB 0x0000000708000000| Untracked 
|  44|0x0000000708200000, 0x0000000708200000, 0x0000000708400000|  0%| F|  |TAMS 0x0000000708200000| PB 0x0000000708200000| Untracked 
|  45|0x0000000708400000, 0x0000000708400000, 0x0000000708600000|  0%| F|  |TAMS 0x0000000708400000| PB 0x0000000708400000| Untracked 
|  46|0x0000000708600000, 0x0000000708600000, 0x0000000708800000|  0%| F|  |TAMS 0x0000000708600000| PB 0x0000000708600000| Untracked 
|  47|0x0000000708800000, 0x0000000708800000, 0x0000000708a00000|  0%| F|  |TAMS 0x0000000708800000| PB 0x0000000708800000| Untracked 
|  48|0x0000000708a00000, 0x0000000708a00000, 0x0000000708c00000|  0%| F|  |TAMS 0x0000000708a00000| PB 0x0000000708a00000| Untracked 
|  49|0x0000000708c00000, 0x0000000708c00000, 0x0000000708e00000|  0%| F|  |TAMS 0x0000000708c00000| PB 0x0000000708c00000| Untracked 
|  50|0x0000000708e00000, 0x0000000708e00000, 0x0000000709000000|  0%| F|  |TAMS 0x0000000708e00000| PB 0x0000000708e00000| Untracked 
|  51|0x0000000709000000, 0x0000000709000000, 0x0000000709200000|  0%| F|  |TAMS 0x0000000709000000| PB 0x0000000709000000| Untracked 
|  52|0x0000000709200000, 0x0000000709200000, 0x0000000709400000|  0%| F|  |TAMS 0x0000000709200000| PB 0x0000000709200000| Untracked 
|  53|0x0000000709400000, 0x0000000709400000, 0x0000000709600000|  0%| F|  |TAMS 0x0000000709400000| PB 0x0000000709400000| Untracked 
|  54|0x0000000709600000, 0x0000000709600000, 0x0000000709800000|  0%| F|  |TAMS 0x0000000709600000| PB 0x0000000709600000| Untracked 
|  55|0x0000000709800000, 0x0000000709800000, 0x0000000709a00000|  0%| F|  |TAMS 0x0000000709800000| PB 0x0000000709800000| Untracked 
|  56|0x0000000709a00000, 0x0000000709a00000, 0x0000000709c00000|  0%| F|  |TAMS 0x0000000709a00000| PB 0x0000000709a00000| Untracked 
|  57|0x0000000709c00000, 0x0000000709c00000, 0x0000000709e00000|  0%| F|  |TAMS 0x0000000709c00000| PB 0x0000000709c00000| Untracked 
|  58|0x0000000709e00000, 0x0000000709e00000, 0x000000070a000000|  0%| F|  |TAMS 0x0000000709e00000| PB 0x0000000709e00000| Untracked 
|  59|0x000000070a000000, 0x000000070a000000, 0x000000070a200000|  0%| F|  |TAMS 0x000000070a000000| PB 0x000000070a000000| Untracked 
|  60|0x000000070a200000, 0x000000070a200000, 0x000000070a400000|  0%| F|  |TAMS 0x000000070a200000| PB 0x000000070a200000| Untracked 
|  61|0x000000070a400000, 0x000000070a400000, 0x000000070a600000|  0%| F|  |TAMS 0x000000070a400000| PB 0x000000070a400000| Untracked 
|  62|0x000000070a600000, 0x000000070a600000, 0x000000070a800000|  0%| F|  |TAMS 0x000000070a600000| PB 0x000000070a600000| Untracked 
|  63|0x000000070a800000, 0x000000070a800000, 0x000000070aa00000|  0%| F|  |TAMS 0x000000070a800000| PB 0x000000070a800000| Untracked 
|  64|0x000000070aa00000, 0x000000070aa00000, 0x000000070ac00000|  0%| F|  |TAMS 0x000000070aa00000| PB 0x000000070aa00000| Untracked 
|  65|0x000000070ac00000, 0x000000070ac00000, 0x000000070ae00000|  0%| F|  |TAMS 0x000000070ac00000| PB 0x000000070ac00000| Untracked 
|  66|0x000000070ae00000, 0x000000070ae00000, 0x000000070b000000|  0%| F|  |TAMS 0x000000070ae00000| PB 0x000000070ae00000| Untracked 
|  67|0x000000070b000000, 0x000000070b000000, 0x000000070b200000|  0%| F|  |TAMS 0x000000070b000000| PB 0x000000070b000000| Untracked 
|  68|0x000000070b200000, 0x000000070b200000, 0x000000070b400000|  0%| F|  |TAMS 0x000000070b200000| PB 0x000000070b200000| Untracked 
|  69|0x000000070b400000, 0x000000070b400000, 0x000000070b600000|  0%| F|  |TAMS 0x000000070b400000| PB 0x000000070b400000| Untracked 
|  70|0x000000070b600000, 0x000000070b600000, 0x000000070b800000|  0%| F|  |TAMS 0x000000070b600000| PB 0x000000070b600000| Untracked 
|  71|0x000000070b800000, 0x000000070b800000, 0x000000070ba00000|  0%| F|  |TAMS 0x000000070b800000| PB 0x000000070b800000| Untracked 
|  72|0x000000070ba00000, 0x000000070ba00000, 0x000000070bc00000|  0%| F|  |TAMS 0x000000070ba00000| PB 0x000000070ba00000| Untracked 
|  73|0x000000070bc00000, 0x000000070bc00000, 0x000000070be00000|  0%| F|  |TAMS 0x000000070bc00000| PB 0x000000070bc00000| Untracked 
|  74|0x000000070be00000, 0x000000070be00000, 0x000000070c000000|  0%| F|  |TAMS 0x000000070be00000| PB 0x000000070be00000| Untracked 
|  75|0x000000070c000000, 0x000000070c000000, 0x000000070c200000|  0%| F|  |TAMS 0x000000070c000000| PB 0x000000070c000000| Untracked 
|  76|0x000000070c200000, 0x000000070c200000, 0x000000070c400000|  0%| F|  |TAMS 0x000000070c200000| PB 0x000000070c200000| Untracked 
|  77|0x000000070c400000, 0x000000070c400000, 0x000000070c600000|  0%| F|  |TAMS 0x000000070c400000| PB 0x000000070c400000| Untracked 
|  78|0x000000070c600000, 0x000000070c600000, 0x000000070c800000|  0%| F|  |TAMS 0x000000070c600000| PB 0x000000070c600000| Untracked 
|  79|0x000000070c800000, 0x000000070c800000, 0x000000070ca00000|  0%| F|  |TAMS 0x000000070c800000| PB 0x000000070c800000| Untracked 
|  80|0x000000070ca00000, 0x000000070ca00000, 0x000000070cc00000|  0%| F|  |TAMS 0x000000070ca00000| PB 0x000000070ca00000| Untracked 
|  81|0x000000070cc00000, 0x000000070cc00000, 0x000000070ce00000|  0%| F|  |TAMS 0x000000070cc00000| PB 0x000000070cc00000| Untracked 
|  82|0x000000070ce00000, 0x000000070ce00000, 0x000000070d000000|  0%| F|  |TAMS 0x000000070ce00000| PB 0x000000070ce00000| Untracked 
|  83|0x000000070d000000, 0x000000070d000000, 0x000000070d200000|  0%| F|  |TAMS 0x000000070d000000| PB 0x000000070d000000| Untracked 
|  84|0x000000070d200000, 0x000000070d200000, 0x000000070d400000|  0%| F|  |TAMS 0x000000070d200000| PB 0x000000070d200000| Untracked 
|  85|0x000000070d400000, 0x000000070d400000, 0x000000070d600000|  0%| F|  |TAMS 0x000000070d400000| PB 0x000000070d400000| Untracked 
|  86|0x000000070d600000, 0x000000070d600000, 0x000000070d800000|  0%| F|  |TAMS 0x000000070d600000| PB 0x000000070d600000| Untracked 
|  87|0x000000070d800000, 0x000000070d800000, 0x000000070da00000|  0%| F|  |TAMS 0x000000070d800000| PB 0x000000070d800000| Untracked 
|  88|0x000000070da00000, 0x000000070da00000, 0x000000070dc00000|  0%| F|  |TAMS 0x000000070da00000| PB 0x000000070da00000| Untracked 
|  89|0x000000070dc00000, 0x000000070dc00000, 0x000000070de00000|  0%| F|  |TAMS 0x000000070dc00000| PB 0x000000070dc00000| Untracked 
|  90|0x000000070de00000, 0x000000070de00000, 0x000000070e000000|  0%| F|  |TAMS 0x000000070de00000| PB 0x000000070de00000| Untracked 
|  91|0x000000070e000000, 0x000000070e000000, 0x000000070e200000|  0%| F|  |TAMS 0x000000070e000000| PB 0x000000070e000000| Untracked 
|  92|0x000000070e200000, 0x000000070e200000, 0x000000070e400000|  0%| F|  |TAMS 0x000000070e200000| PB 0x000000070e200000| Untracked 
|  93|0x000000070e400000, 0x000000070e400000, 0x000000070e600000|  0%| F|  |TAMS 0x000000070e400000| PB 0x000000070e400000| Untracked 
|  94|0x000000070e600000, 0x000000070e600000, 0x000000070e800000|  0%| F|  |TAMS 0x000000070e600000| PB 0x000000070e600000| Untracked 
|  95|0x000000070e800000, 0x000000070e800000, 0x000000070ea00000|  0%| F|  |TAMS 0x000000070e800000| PB 0x000000070e800000| Untracked 
|  96|0x000000070ea00000, 0x000000070ea00000, 0x000000070ec00000|  0%| F|  |TAMS 0x000000070ea00000| PB 0x000000070ea00000| Untracked 
|  97|0x000000070ec00000, 0x000000070ec00000, 0x000000070ee00000|  0%| F|  |TAMS 0x000000070ec00000| PB 0x000000070ec00000| Untracked 
|  98|0x000000070ee00000, 0x000000070ee00000, 0x000000070f000000|  0%| F|  |TAMS 0x000000070ee00000| PB 0x000000070ee00000| Untracked 
|  99|0x000000070f000000, 0x000000070f000000, 0x000000070f200000|  0%| F|  |TAMS 0x000000070f000000| PB 0x000000070f000000| Untracked 
| 100|0x000000070f200000, 0x000000070f200000, 0x000000070f400000|  0%| F|  |TAMS 0x000000070f200000| PB 0x000000070f200000| Untracked 
| 101|0x000000070f400000, 0x000000070f400000, 0x000000070f600000|  0%| F|  |TAMS 0x000000070f400000| PB 0x000000070f400000| Untracked 
| 102|0x000000070f600000, 0x000000070f600000, 0x000000070f800000|  0%| F|  |TAMS 0x000000070f600000| PB 0x000000070f600000| Untracked 
| 103|0x000000070f800000, 0x000000070f800000, 0x000000070fa00000|  0%| F|  |TAMS 0x000000070f800000| PB 0x000000070f800000| Untracked 
| 104|0x000000070fa00000, 0x000000070fa00000, 0x000000070fc00000|  0%| F|  |TAMS 0x000000070fa00000| PB 0x000000070fa00000| Untracked 
| 105|0x000000070fc00000, 0x000000070fc00000, 0x000000070fe00000|  0%| F|  |TAMS 0x000000070fc00000| PB 0x000000070fc00000| Untracked 
| 106|0x000000070fe00000, 0x000000070fe00000, 0x0000000710000000|  0%| F|  |TAMS 0x000000070fe00000| PB 0x000000070fe00000| Untracked 
| 107|0x0000000710000000, 0x0000000710000000, 0x0000000710200000|  0%| F|  |TAMS 0x0000000710000000| PB 0x0000000710000000| Untracked 
| 108|0x0000000710200000, 0x0000000710200000, 0x0000000710400000|  0%| F|  |TAMS 0x0000000710200000| PB 0x0000000710200000| Untracked 
| 109|0x0000000710400000, 0x0000000710400000, 0x0000000710600000|  0%| F|  |TAMS 0x0000000710400000| PB 0x0000000710400000| Untracked 
| 110|0x0000000710600000, 0x0000000710600000, 0x0000000710800000|  0%| F|  |TAMS 0x0000000710600000| PB 0x0000000710600000| Untracked 
| 111|0x0000000710800000, 0x0000000710800000, 0x0000000710a00000|  0%| F|  |TAMS 0x0000000710800000| PB 0x0000000710800000| Untracked 
| 112|0x0000000710a00000, 0x0000000710a00000, 0x0000000710c00000|  0%| F|  |TAMS 0x0000000710a00000| PB 0x0000000710a00000| Untracked 
| 113|0x0000000710c00000, 0x0000000710c00000, 0x0000000710e00000|  0%| F|  |TAMS 0x0000000710c00000| PB 0x0000000710c00000| Untracked 
| 114|0x0000000710e00000, 0x0000000710e00000, 0x0000000711000000|  0%| F|  |TAMS 0x0000000710e00000| PB 0x0000000710e00000| Untracked 
| 115|0x0000000711000000, 0x0000000711000000, 0x0000000711200000|  0%| F|  |TAMS 0x0000000711000000| PB 0x0000000711000000| Untracked 
| 116|0x0000000711200000, 0x0000000711200000, 0x0000000711400000|  0%| F|  |TAMS 0x0000000711200000| PB 0x0000000711200000| Untracked 
| 117|0x0000000711400000, 0x0000000711400000, 0x0000000711600000|  0%| F|  |TAMS 0x0000000711400000| PB 0x0000000711400000| Untracked 
| 118|0x0000000711600000, 0x0000000711600000, 0x0000000711800000|  0%| F|  |TAMS 0x0000000711600000| PB 0x0000000711600000| Untracked 
| 119|0x0000000711800000, 0x0000000711800000, 0x0000000711a00000|  0%| F|  |TAMS 0x0000000711800000| PB 0x0000000711800000| Untracked 
| 120|0x0000000711a00000, 0x0000000711a00000, 0x0000000711c00000|  0%| F|  |TAMS 0x0000000711a00000| PB 0x0000000711a00000| Untracked 
| 121|0x0000000711c00000, 0x0000000711d93048, 0x0000000711e00000| 78%| E|  |TAMS 0x0000000711c00000| PB 0x0000000711c00000| Complete 
| 122|0x0000000711e00000, 0x0000000712000000, 0x0000000712000000|100%| E|CS|TAMS 0x0000000711e00000| PB 0x0000000711e00000| Complete 
| 123|0x0000000712000000, 0x0000000712200000, 0x0000000712200000|100%| E|CS|TAMS 0x0000000712000000| PB 0x0000000712000000| Complete 
| 124|0x0000000712200000, 0x0000000712400000, 0x0000000712400000|100%| E|CS|TAMS 0x0000000712200000| PB 0x0000000712200000| Complete 
| 125|0x0000000712400000, 0x0000000712600000, 0x0000000712600000|100%| E|CS|TAMS 0x0000000712400000| PB 0x0000000712400000| Complete 
| 126|0x0000000712600000, 0x0000000712800000, 0x0000000712800000|100%| E|CS|TAMS 0x0000000712600000| PB 0x0000000712600000| Complete 

Card table byte_map: [0x0000021378180000,0x0000021378970000] _byte_map_base: 0x000002137496b000

Marking Bits: (CMBitMap*) 0x000002136d4faf80
 Bits: [0x0000021378970000, 0x000002137c8c8000)

Polling page: 0x000002136d3c0000

Metaspace:

Usage:
  Non-class:      2.28 MB used.
      Class:    234.05 KB used.
       Both:      2.51 MB used.

Virtual space:
  Non-class space:       64.00 MB reserved,       2.38 MB (  4%) committed,  1 nodes.
      Class space:        1.00 GB reserved,     320.00 KB ( <1%) committed,  1 nodes.
             Both:        1.06 GB reserved,       2.69 MB ( <1%) committed. 

Chunk freelists:
   Non-Class:  11.09 MB
       Class:  15.58 MB
        Both:  26.67 MB

MaxMetaspaceSize: unlimited
CompressedClassSpaceSize: 1.00 GB
Initial GC threshold: 21.00 MB
Current GC threshold: 21.00 MB
CDS: on
 - commit_granule_bytes: 65536.
 - commit_granule_words: 8192.
 - virtual_space_node_default_size: 8388608.
 - enlarge_chunks_in_place: 1.
 - use_allocation_guard: 0.


Internal statistics:

num_allocs_failed_limit: 0.
num_arena_births: 136.
num_arena_deaths: 0.
num_vsnodes_births: 2.
num_vsnodes_deaths: 0.
num_space_committed: 43.
num_space_uncommitted: 0.
num_chunks_returned_to_freelist: 0.
num_chunks_taken_from_freelist: 218.
num_chunk_merges: 0.
num_chunk_splits: 127.
num_chunks_enlarged: 57.
num_inconsistent_stats: 0.

CodeHeap 'non-profiled nmethods': size=120000Kb used=233Kb max_used=233Kb free=119766Kb
 bounds [0x0000021307ad0000, 0x0000021307d40000, 0x000002130f000000]
CodeHeap 'profiled nmethods': size=120000Kb used=1016Kb max_used=1016Kb free=118983Kb
 bounds [0x0000021300000000, 0x0000021300270000, 0x0000021307530000]
CodeHeap 'non-nmethods': size=5760Kb used=1402Kb max_used=1408Kb free=4357Kb
 bounds [0x0000021307530000, 0x00000213077a0000, 0x0000021307ad0000]
 total_blobs=1150 nmethods=704 adapters=351
 compilation: enabled
              stopped_count=0, restarted_count=0
 full_count=0

Compilation events (20 events):
Event: 0.714 Thread 0x000002137edab740 nmethod 694 0x00000213000f6d90 code [0x00000213000f6f60, 0x00000213000f7310]
Event: 0.716 Thread 0x000002137edab740  695       3       java.lang.invoke.MethodHandleNatives::refKindIsField (32 bytes)
Event: 0.716 Thread 0x000002137edab740 nmethod 695 0x00000213000f7410 code [0x00000213000f75a0, 0x00000213000f76f8]
Event: 0.716 Thread 0x000002137edab740  696       3       java.lang.invoke.MethodTypeForm::cachedLambdaForm (23 bytes)
Event: 0.716 Thread 0x000002137edab740 nmethod 696 0x00000213000f7790 code [0x00000213000f7960, 0x00000213000f7ce0]
Event: 0.718 Thread 0x000002137edab740  697       3       java.io.InputStream::<init> (5 bytes)
Event: 0.718 Thread 0x000002137edab740 nmethod 697 0x00000213000f7e10 code [0x00000213000f7fc0, 0x00000213000f8128]
Event: 0.725 Thread 0x000002137edab740  698       3       jdk.internal.loader.BuiltinClassLoader::moduleReaderFor (45 bytes)
Event: 0.726 Thread 0x000002137edab740 nmethod 698 0x00000213000f8210 code [0x00000213000f8400, 0x00000213000f8ab8]
Event: 0.726 Thread 0x000002137edab740  699       3       jdk.internal.module.SystemModuleFinders$SystemModuleReader::find (59 bytes)
Event: 0.726 Thread 0x000002137edab740 nmethod 699 0x00000213000f8c90 code [0x00000213000f8f60, 0x00000213000f9b40]
Event: 0.726 Thread 0x000002137edab740  700       3       jdk.internal.module.SystemModuleFinders$SystemImage::reader (4 bytes)
Event: 0.726 Thread 0x000002137edab740 nmethod 700 0x00000213000fa010 code [0x00000213000fa1a0, 0x00000213000fa298]
Event: 0.726 Thread 0x000002137edab740  701       3       jdk.internal.jimage.ImageReader::verifyLocation (14 bytes)
Event: 0.726 Thread 0x000002137edab740 nmethod 701 0x00000213000fa310 code [0x00000213000fa4e0, 0x00000213000fa860]
Event: 0.727 Thread 0x000002137edab740  702  s!   3       jdk.internal.loader.URLClassPath::getLoader (194 bytes)
Event: 0.727 Thread 0x000002137edab740 nmethod 702 0x00000213000faa10 code [0x00000213000fad20, 0x00000213000fc318]
Event: 0.728 Thread 0x000002137edab740  703  s    3       jdk.internal.loader.Resource::cachedInputStream (20 bytes)
Event: 0.728 Thread 0x000002137edab740 nmethod 703 0x00000213000fcb90 code [0x00000213000fcd40, 0x00000213000fd090]
Event: 0.728 Thread 0x000002137edab740  704       3       java.security.CodeSource::getCertificates (95 bytes)

GC Heap History (0 events):
No events

Dll operation events (9 events):
Event: 0.113 Loaded shared library C:\Program Files\Java\jdk-21\bin\java.dll
Event: 0.115 Loaded shared library C:\Program Files\Java\jdk-21\bin\zip.dll
Event: 0.149 Loaded shared library C:\Program Files\Java\jdk-21\bin\jsvml.dll
Event: 0.290 Loaded shared library C:\Program Files\Java\jdk-21\bin\instrument.dll
Event: 0.325 Loaded shared library C:\Program Files\Java\jdk-21\bin\net.dll
Event: 0.327 Loaded shared library C:\Program Files\Java\jdk-21\bin\nio.dll
Event: 0.341 Loaded shared library C:\Program Files\Java\jdk-21\bin\zip.dll
Event: 0.400 Loaded shared library C:\Program Files\Java\jdk-21\bin\jimage.dll
Event: 0.562 Loaded shared library C:\Users\v22\AppData\Local\Temp\lwjglv22\3.3.1-SNAPSHOT\lwjgl.dll

Deoptimization events (20 events):
Event: 0.493 Thread 0x000002136f526970 Uncommon trap: trap_request=0xffffffde fr.pc=0x0000021307aff360 relative=0x0000000000000140
Event: 0.493 Thread 0x000002136f526970 Uncommon trap: reason=class_check action=maybe_recompile pc=0x0000021307aff360 method=jdk.internal.misc.Unsafe.allocateUninitializedArray(Ljava/lang/Class;I)Ljava/lang/Object; @ 51 c2
Event: 0.493 Thread 0x000002136f526970 DEOPT PACKING pc=0x0000021307aff360 sp=0x000000a4906fecd0
Event: 0.493 Thread 0x000002136f526970 DEOPT UNPACKING pc=0x00000213075846a2 sp=0x000000a4906fec58 mode 2
Event: 0.493 Thread 0x000002136f526970 Uncommon trap: trap_request=0xffffffde fr.pc=0x0000021307aff360 relative=0x0000000000000140
Event: 0.493 Thread 0x000002136f526970 Uncommon trap: reason=class_check action=maybe_recompile pc=0x0000021307aff360 method=jdk.internal.misc.Unsafe.allocateUninitializedArray(Ljava/lang/Class;I)Ljava/lang/Object; @ 51 c2
Event: 0.493 Thread 0x000002136f526970 DEOPT PACKING pc=0x0000021307aff360 sp=0x000000a4906fecd0
Event: 0.493 Thread 0x000002136f526970 DEOPT UNPACKING pc=0x00000213075846a2 sp=0x000000a4906fec58 mode 2
Event: 0.493 Thread 0x000002136f526970 Uncommon trap: trap_request=0xffffffde fr.pc=0x0000021307aff360 relative=0x0000000000000140
Event: 0.493 Thread 0x000002136f526970 Uncommon trap: reason=class_check action=maybe_recompile pc=0x0000021307aff360 method=jdk.internal.misc.Unsafe.allocateUninitializedArray(Ljava/lang/Class;I)Ljava/lang/Object; @ 51 c2
Event: 0.493 Thread 0x000002136f526970 DEOPT PACKING pc=0x0000021307aff360 sp=0x000000a4906fecd0
Event: 0.493 Thread 0x000002136f526970 DEOPT UNPACKING pc=0x00000213075846a2 sp=0x000000a4906fec58 mode 2
Event: 0.522 Thread 0x000002136f526970 Uncommon trap: trap_request=0xffffff45 fr.pc=0x0000021307af8530 relative=0x0000000000000370
Event: 0.522 Thread 0x000002136f526970 Uncommon trap: reason=unstable_if action=reinterpret pc=0x0000021307af8530 method=jdk.internal.util.ArraysSupport.mismatch([BI[BII)I @ 16 c2
Event: 0.522 Thread 0x000002136f526970 DEOPT PACKING pc=0x0000021307af8530 sp=0x000000a4906fc000
Event: 0.522 Thread 0x000002136f526970 DEOPT UNPACKING pc=0x00000213075846a2 sp=0x000000a4906fbf10 mode 2
Event: 0.531 Thread 0x000002136f526970 Uncommon trap: trap_request=0xffffff45 fr.pc=0x0000021307af8d60 relative=0x0000000000000240
Event: 0.531 Thread 0x000002136f526970 Uncommon trap: reason=unstable_if action=reinterpret pc=0x0000021307af8d60 method=jdk.internal.util.ArraysSupport.mismatch([BI[BII)I @ 16 c2
Event: 0.531 Thread 0x000002136f526970 DEOPT PACKING pc=0x0000021307af8d60 sp=0x000000a4906fbf30
Event: 0.531 Thread 0x000002136f526970 DEOPT UNPACKING pc=0x00000213075846a2 sp=0x000000a4906fbef0 mode 2

Classes loaded (20 events):
Event: 0.710 Loading class java/nio/BufferUnderflowException
Event: 0.710 Loading class java/nio/BufferUnderflowException done
Event: 0.711 Loading class org/lwjgl/system/MemoryStack
Event: 0.711 Loading class org/lwjgl/system/MemoryStack done
Event: 0.713 Loading class org/lwjgl/system/MemoryStack$DebugMemoryStack
Event: 0.713 Loading class org/lwjgl/system/MemoryStack$DebugMemoryStack done
Event: 0.716 Loading class org/lwjgl/system/MemoryStack
Event: 0.716 Loading class org/lwjgl/system/MemoryStack done
Event: 0.716 Loading class org/lwjgl/system/MemoryStack
Event: 0.716 Loading class org/lwjgl/system/MemoryStack done
Event: 0.717 Loading class org/lwjgl/BufferUtils
Event: 0.717 Loading class org/lwjgl/BufferUtils done
Event: 0.718 Loading class org/lwjgl/system/windows/WinBase
Event: 0.718 Loading class org/lwjgl/system/windows/WinBase done
Event: 0.719 Loading class org/lwjgl/system/ThreadLocalUtil
Event: 0.719 Loading class org/lwjgl/system/ThreadLocalUtil done
Event: 0.727 Loading class org/lwjgl/openal/ALC$SharedLibraryAL
Event: 0.727 Loading class org/lwjgl/openal/ALC$SharedLibraryAL done
Event: 0.727 Loading class org/lwjgl/system/SharedLibrary$Delegate
Event: 0.727 Loading class org/lwjgl/system/SharedLibrary$Delegate done

Classes unloaded (0 events):
No events

Classes redefined (0 events):
No events

Internal exceptions (20 events):
Event: 0.382 Thread 0x000002136f526970 Exception <a 'java/lang/NoSuchMethodError'{0x00000007122ab040}: 'java.lang.Object java.lang.invoke.DirectMethodHandle$Holder.invokeSpecial(java.lang.Object, java.lang.Object, java.lang.Object, java.lang.Object, double)'> (0x00000007122ab040) 
thrown [s\open\src\hotspot\share\interpreter\linkResolver.cpp, line 773]
Event: 0.382 Thread 0x000002136f526970 Exception <a 'java/lang/NoSuchMethodError'{0x00000007122ae6e0}: 'java.lang.Object java.lang.invoke.Invokers$Holder.linkToTargetMethod(java.lang.Object, java.lang.Object, double, java.lang.Object)'> (0x00000007122ae6e0) 
thrown [s\open\src\hotspot\share\interpreter\linkResolver.cpp, line 773]
Event: 0.415 Thread 0x000002136f526970 Exception <a 'java/lang/NoSuchMethodError'{0x00000007123970f8}: 'int java.lang.invoke.DirectMethodHandle$Holder.invokeStaticInit(java.lang.Object, java.lang.Object)'> (0x00000007123970f8) 
thrown [s\open\src\hotspot\share\interpreter\linkResolver.cpp, line 773]
Event: 0.521 Thread 0x000002136f526970 Exception <a 'java/lang/NoSuchMethodError'{0x0000000711fa8dc0}: 'void java.lang.invoke.DirectMethodHandle$Holder.invokeStatic(java.lang.Object, java.lang.Object)'> (0x0000000711fa8dc0) 
thrown [s\open\src\hotspot\share\interpreter\linkResolver.cpp, line 773]
Event: 0.522 Thread 0x000002136f526970 Exception <a 'java/lang/NoSuchMethodError'{0x0000000711fb3428}: 'void java.lang.System.load(java.lang.String, java.lang.Class)'> (0x0000000711fb3428) 
thrown [s\open\src\hotspot\share\interpreter\linkResolver.cpp, line 773]
Event: 0.522 Thread 0x000002136f526970 Exception <a 'java/lang/NoSuchMethodError'{0x0000000711fb3df8}: 'void java.lang.invoke.DirectMethodHandle$Holder.invokeSpecial(java.lang.Object, java.lang.Object, java.lang.Object)'> (0x0000000711fb3df8) 
thrown [s\open\src\hotspot\share\interpreter\linkResolver.cpp, line 773]
Event: 0.524 Thread 0x000002136f526970 Exception <a 'java/lang/NoSuchMethodError'{0x0000000711fc76c8}: 'java.lang.Object java.lang.invoke.DirectMethodHandle$Holder.invokeStatic(java.lang.Object, java.lang.Object, int)'> (0x0000000711fc76c8) 
thrown [s\open\src\hotspot\share\interpreter\linkResolver.cpp, line 773]
Event: 0.526 Thread 0x000002136f526970 Exception <a 'java/lang/NoSuchMethodError'{0x0000000711fd2b18}: 'void java.lang.invoke.DelegatingMethodHandle$Holder.delegate(java.lang.Object, java.lang.Object, int, java.lang.Object)'> (0x0000000711fd2b18) 
thrown [s\open\src\hotspot\share\interpreter\linkResolver.cpp, line 773]
Event: 0.526 Thread 0x000002136f526970 Exception <a 'java/lang/NoSuchMethodError'{0x0000000711fd67a8}: 'int java.lang.invoke.DirectMethodHandle$Holder.invokeSpecial(java.lang.Object, java.lang.Object, java.lang.Object)'> (0x0000000711fd67a8) 
thrown [s\open\src\hotspot\share\interpreter\linkResolver.cpp, line 773]
Event: 0.531 Thread 0x000002136f526970 Exception <a 'java/lang/NoSuchMethodError'{0x0000000711ff2520}: 'void java.lang.System.loadLibrary(java.lang.String, java.lang.Class)'> (0x0000000711ff2520) 
thrown [s\open\src\hotspot\share\interpreter\linkResolver.cpp, line 773]
Event: 0.560 Thread 0x000002136f526970 Exception <a 'sun/nio/fs/WindowsException'{0x0000000711c6c370}> (0x0000000711c6c370) 
thrown [s\open\src\hotspot\share\prims\jni.cpp, line 520]
Event: 0.560 Thread 0x000002136f526970 Exception <a 'sun/nio/fs/WindowsException'{0x0000000711c6d968}> (0x0000000711c6d968) 
thrown [s\open\src\hotspot\share\prims\jni.cpp, line 520]
Event: 0.579 Thread 0x000002136f526970 Exception <a 'sun/nio/fs/WindowsException'{0x0000000711c927b8}> (0x0000000711c927b8) 
thrown [s\open\src\hotspot\share\prims\jni.cpp, line 520]
Event: 0.579 Thread 0x000002136f526970 Exception <a 'sun/nio/fs/WindowsException'{0x0000000711c92b28}> (0x0000000711c92b28) 
thrown [s\open\src\hotspot\share\prims\jni.cpp, line 520]
Event: 0.669 Thread 0x000002136f526970 Exception <a 'java/lang/NoSuchMethodError'{0x0000000711d165e8}: 'int java.lang.invoke.DirectMethodHandle$Holder.invokeStaticInit(java.lang.Object, java.lang.Object, int, long)'> (0x0000000711d165e8) 
thrown [s\open\src\hotspot\share\interpreter\linkResolver.cpp, line 773]
Event: 0.670 Thread 0x000002136f526970 Exception <a 'java/lang/NoSuchMethodError'{0x0000000711d1b8c0}: 'java.lang.Object java.lang.invoke.DirectMethodHandle$Holder.newInvokeSpecial(java.lang.Object, java.lang.Object, int)'> (0x0000000711d1b8c0) 
thrown [s\open\src\hotspot\share\interpreter\linkResolver.cpp, line 773]
Event: 0.692 Thread 0x000002136f526970 Exception <a 'java/lang/NoSuchMethodError'{0x0000000711d2e918}: 'int java.lang.invoke.DirectMethodHandle$Holder.invokeStaticInit(java.lang.Object, java.lang.Object, long, long)'> (0x0000000711d2e918) 
thrown [s\open\src\hotspot\share\interpreter\linkResolver.cpp, line 773]
Event: 0.699 Thread 0x000002136f526970 Exception <a 'java/lang/NoSuchMethodError'{0x0000000711d340a8}: 'java.lang.Object java.lang.invoke.DirectMethodHandle$Holder.newInvokeSpecial(java.lang.Object, java.lang.Object, long)'> (0x0000000711d340a8) 
thrown [s\open\src\hotspot\share\interpreter\linkResolver.cpp, line 773]
Event: 0.700 Thread 0x000002136f526970 Exception <a 'java/lang/NoSuchMethodError'{0x0000000711d379a0}: 'java.lang.Object java.lang.invoke.Invokers$Holder.linkToTargetMethod(java.lang.Object, long, java.lang.Object)'> (0x0000000711d379a0) 
thrown [s\open\src\hotspot\share\interpreter\linkResolver.cpp, line 773]
Event: 0.708 Thread 0x000002136f526970 Exception <a 'java/lang/NoSuchMethodError'{0x0000000711d3ea28}: 'int java.lang.invoke.DirectMethodHandle$Holder.invokeStaticInit(java.lang.Object, java.lang.Object, java.lang.Object, long)'> (0x0000000711d3ea28) 
thrown [s\open\src\hotspot\share\interpreter\linkResolver.cpp, line 773]

ZGC Phase Switch (0 events):
No events

VM Operations (6 events):
Event: 0.218 Executing VM operation: HandshakeAllThreads (Deoptimize)
Event: 0.218 Executing VM operation: HandshakeAllThreads (Deoptimize) done
Event: 0.287 Executing VM operation: ChangeBreakpoints
Event: 0.287 Executing VM operation: ChangeBreakpoints done
Event: 0.288 Executing VM operation: ChangeBreakpoints
Event: 0.288 Executing VM operation: ChangeBreakpoints done

Events (16 events):
Event: 0.130 Thread 0x000002136f526970 Thread added: 0x000002136f526970
Event: 0.145 Thread 0x000002137ed85860 Thread added: 0x000002137ed85860
Event: 0.146 Thread 0x000002137ed86780 Thread added: 0x000002137ed86780
Event: 0.146 Thread 0x000002137ed8b910 Thread added: 0x000002137ed8b910
Event: 0.146 Thread 0x000002137ed8c370 Thread added: 0x000002137ed8c370
Event: 0.146 Thread 0x000002137ed8f3f0 Thread added: 0x000002137ed8f3f0
Event: 0.146 Thread 0x000002137ed9b950 Thread added: 0x000002137ed9b950
Event: 0.146 Thread 0x000002137eda20c0 Thread added: 0x000002137eda20c0
Event: 0.146 Thread 0x000002137edab740 Thread added: 0x000002137edab740
Event: 0.194 Thread 0x000002137ed9a5a0 Thread added: 0x000002137ed9a5a0
Event: 0.249 Thread 0x000002137f03a3a0 Thread added: 0x000002137f03a3a0
Event: 0.250 Thread 0x000002137f042850 Thread added: 0x000002137f042850
Event: 0.253 Thread 0x000002137f042ed0 Thread added: 0x000002137f042ed0
Event: 0.310 Thread 0x000002137ed99f10 Thread added: 0x000002137ed99f10
Event: 0.430 Thread 0x000002137f2b39e0 Thread added: 0x000002137f2b39e0
Event: 0.657 Thread 0x000002137f2b39e0 Thread exited: 0x000002137f2b39e0


Dynamic libraries:
0x00007ff6e2810000 - 0x00007ff6e2820000 	C:\Program Files\Java\jdk-21\bin\java.exe
0x00007ff918f10000 - 0x00007ff919108000 	C:\Windows\SYSTEM32\ntdll.dll
0x00007ff917cb0000 - 0x00007ff917d6f000 	C:\Windows\System32\KERNEL32.DLL
0x00007ff916860000 - 0x00007ff916b32000 	C:\Windows\System32\KERNELBASE.dll
0x00007ff916e20000 - 0x00007ff916f20000 	C:\Windows\System32\ucrtbase.dll
0x00007ff8d7970000 - 0x00007ff8d7989000 	C:\Program Files\Java\jdk-21\bin\jli.dll
0x00007ff918410000 - 0x00007ff9184be000 	C:\Windows\System32\ADVAPI32.dll
0x00007ff8e8370000 - 0x00007ff8e838b000 	C:\Program Files\Java\jdk-21\bin\VCRUNTIME140.dll
0x00007ff917100000 - 0x00007ff91719e000 	C:\Windows\System32\msvcrt.dll
0x00007ff917430000 - 0x00007ff9174cc000 	C:\Windows\System32\sechost.dll
0x00007ff917a70000 - 0x00007ff917b95000 	C:\Windows\System32\RPCRT4.dll
0x00007ff916f50000 - 0x00007ff9170f1000 	C:\Windows\System32\USER32.dll
0x00007ff916df0000 - 0x00007ff916e12000 	C:\Windows\System32\win32u.dll
0x00007ff918310000 - 0x00007ff91833b000 	C:\Windows\System32\GDI32.dll
0x00007ff916750000 - 0x00007ff91685f000 	C:\Windows\System32\gdi32full.dll
0x00007ff916b40000 - 0x00007ff916bdd000 	C:\Windows\System32\msvcp_win.dll
0x00007ff907560000 - 0x00007ff9077fa000 	C:\Windows\WinSxS\amd64_microsoft.windows.common-controls_6595b64144ccf1df_6.0.19041.1110_none_60b5254171f9507e\COMCTL32.dll
0x00007ff911010000 - 0x00007ff91101a000 	C:\Windows\SYSTEM32\VERSION.dll
0x00007ff9171a0000 - 0x00007ff9171d2000 	C:\Windows\System32\IMM32.DLL
0x00007ff8ee850000 - 0x00007ff8ee85c000 	C:\Program Files\Java\jdk-21\bin\vcruntime140_1.dll
0x00007ff894a00000 - 0x00007ff894a8e000 	C:\Program Files\Java\jdk-21\bin\msvcp140.dll
0x00007ff893ce0000 - 0x00007ff8949f5000 	C:\Program Files\Java\jdk-21\bin\server\jvm.dll
0x00007ff917c40000 - 0x00007ff917cab000 	C:\Windows\System32\WS2_32.dll
0x00007ff916470000 - 0x00007ff9164bb000 	C:\Windows\SYSTEM32\POWRPROF.dll
0x00007ff8e6330000 - 0x00007ff8e6357000 	C:\Windows\SYSTEM32\WINMM.dll
0x00007ff9163a0000 - 0x00007ff9163b2000 	C:\Windows\SYSTEM32\UMPDC.dll
0x00007ff914400000 - 0x00007ff914412000 	C:\Windows\SYSTEM32\kernel.appcore.dll
0x00007ff8ee810000 - 0x00007ff8ee81a000 	C:\Program Files\Java\jdk-21\bin\jimage.dll
0x00007ff906120000 - 0x00007ff906304000 	C:\Windows\SYSTEM32\DBGHELP.DLL
0x00007ff9060e0000 - 0x00007ff906115000 	C:\Windows\SYSTEM32\dbgcore.DLL
0x00007ff916670000 - 0x00007ff9166f2000 	C:\Windows\System32\bcryptPrimitives.dll
0x00007ff8ee8c0000 - 0x00007ff8ee8fc000 	C:\Program Files\Java\jdk-21\bin\jdwp.dll
0x00007ff90ad40000 - 0x00007ff90ad4f000 	C:\Program Files\Java\jdk-21\bin\instrument.dll
0x00007ff8d7950000 - 0x00007ff8d796f000 	C:\Program Files\Java\jdk-21\bin\java.dll
0x00007ff8d6d70000 - 0x00007ff8d6d88000 	C:\Program Files\Java\jdk-21\bin\zip.dll
0x00007ff9186a0000 - 0x00007ff918de4000 	C:\Windows\System32\SHELL32.dll
0x00007ff9146e0000 - 0x00007ff914e72000 	C:\Windows\SYSTEM32\windows.storage.dll
0x00007ff917f00000 - 0x00007ff918255000 	C:\Windows\System32\combase.dll
0x00007ff915f80000 - 0x00007ff915fb0000 	C:\Windows\SYSTEM32\Wldp.dll
0x00007ff9184c0000 - 0x00007ff91856d000 	C:\Windows\System32\SHCORE.dll
0x00007ff917ea0000 - 0x00007ff917ef5000 	C:\Windows\System32\shlwapi.dll
0x00007ff916540000 - 0x00007ff91655f000 	C:\Windows\SYSTEM32\profapi.dll
0x00007ff893c00000 - 0x00007ff893cd7000 	C:\Program Files\Java\jdk-21\bin\jsvml.dll
0x00007ff90ad30000 - 0x00007ff90ad3c000 	C:\Program Files\Java\jdk-21\bin\dt_socket.dll
0x00007ff9159d0000 - 0x00007ff915a0b000 	C:\Windows\SYSTEM32\IPHLPAPI.DLL
0x00007ff915ce0000 - 0x00007ff915d4a000 	C:\Windows\system32\mswsock.dll
0x00007ff8e8360000 - 0x00007ff8e8370000 	C:\Program Files\Java\jdk-21\bin\net.dll
0x00007ff90ae50000 - 0x00007ff90af5c000 	C:\Windows\SYSTEM32\WINHTTP.dll
0x00007ff8d6f70000 - 0x00007ff8d6f86000 	C:\Program Files\Java\jdk-21\bin\nio.dll
0x00007ff8e90b0000 - 0x00007ff8e9125000 	C:\Users\v22\AppData\Local\Temp\lwjglv22\3.3.1-SNAPSHOT\lwjgl.dll
0x00007ff8de8d0000 - 0x00007ff8dea67000 	C:\Users\v22\AppData\Local\Temp\lwjglv22\3.3.1-SNAPSHOT\OpenAL.dll
0x00007ff917d70000 - 0x00007ff917e9a000 	C:\Windows\System32\ole32.dll

dbghelp: loaded successfully - version: 4.0.5 - missing functions: none
symbol engine: initialized successfully - sym options: 0x614 - pdb path: .;C:\Program Files\Java\jdk-21\bin;C:\Windows\SYSTEM32;C:\Windows\WinSxS\amd64_microsoft.windows.common-controls_6595b64144ccf1df_6.0.19041.1110_none_60b5254171f9507e;C:\Program Files\Java\jdk-21\bin\server;C:\Users\v22\AppData\Local\Temp\lwjglv22\3.3.1-SNAPSHOT

VM Arguments:
jvm_args: -agentlib:jdwp=transport=dt_socket,address=127.0.0.1:53030,suspend=y,server=n -javaagent:C:\Users\v22\AppData\Local\JetBrains\IntelliJIdea2023.3\captureAgent\debugger-agent.jar -Dfile.encoding=UTF-8 -Dsun.stdout.encoding=UTF-8 -Dsun.stderr.encoding=UTF-8 
java_command: dev.mv.ems.Main
java_class_path (initial): C:\Users\v22\Desktop\coding\java\EMS\target\classes;C:\Users\v22\.m2\repository\dev\mv\engine-legacy\1.0\engine-legacy-1.0.jar;C:\Users\v22\Desktop\coding\java\EMS\src\main\lib\mvutils.jar;C:\Users\v22\AppData\Local\Programs\IntelliJ IDEA Ultimate\lib\idea_rt.jar
Launcher Type: SUN_STANDARD

[Global flags]
     intx CICompilerCount                          = 3                                         {product} {ergonomic}
     uint ConcGCThreads                            = 1                                         {product} {ergonomic}
     uint G1ConcRefinementThreads                  = 4                                         {product} {ergonomic}
   size_t G1HeapRegionSize                         = 2097152                                   {product} {ergonomic}
    uintx GCDrainStackTargetSize                   = 64                                        {product} {ergonomic}
   size_t InitialHeapSize                          = 266338304                                 {product} {ergonomic}
   size_t MarkStackSize                            = 4194304                                   {product} {ergonomic}
   size_t MaxHeapSize                              = 4250927104                                {product} {ergonomic}
   size_t MaxNewSize                               = 2550136832                                {product} {ergonomic}
   size_t MinHeapDeltaBytes                        = 2097152                                   {product} {ergonomic}
   size_t MinHeapSize                              = 8388608                                   {product} {ergonomic}
    uintx NonNMethodCodeHeapSize                   = 5832780                                {pd product} {ergonomic}
    uintx NonProfiledCodeHeapSize                  = 122912730                              {pd product} {ergonomic}
    uintx ProfiledCodeHeapSize                     = 122912730                              {pd product} {ergonomic}
    uintx ReservedCodeCacheSize                    = 251658240                              {pd product} {ergonomic}
     bool SegmentedCodeCache                       = true                                      {product} {ergonomic}
   size_t SoftMaxHeapSize                          = 4250927104                             {manageable} {ergonomic}
     bool UseCompressedOops                        = true                           {product lp64_product} {ergonomic}
     bool UseG1GC                                  = true                                      {product} {ergonomic}
     bool UseLargePagesIndividualAllocation        = false                                  {pd product} {ergonomic}

Logging:
Log output configuration:
 #0: stdout all=warning uptime,level,tags foldmultilines=false
 #1: stderr all=off uptime,level,tags foldmultilines=false

Environment Variables:
JAVA_HOME=C:\Program Files\Java\jdk-21
PATH=C:\Windows\system32;C:\Windows;C:\Windows\System32\Wbem;C:\Windows\System32\WindowsPowerShell\v1.0\;C:\Windows\System32\OpenSSH\;C:\MinGW\bin;C:\Program Files\dotnet\;C:\Program Files\nodejs\;C:\Program Files\Git\cmd;C:\Program Files\GitHub CLI\;C:\Users\v22\.cargo\bin;C:\Users\v22\Desktop\Python\Scripts\;C:\Users\v22\Desktop\Python\;C:\Users\v22\AppData\Local\Microsoft\WindowsApps;C:\Users\v22\AppData\Local\atom\bin;C:\Users\v22\AppData\Local\Programs\Microsoft VS Code\bin;C:\Users\v22\.dotnet\tools;C:\Users\v22\AppData\Roaming\npm;C:\Users\v22\Desktop\coding\assembling\.NASM;C:\Users\v22\Desktop\coding\assembling\.FASM;C:\Users\v22\AppData\Local\JetBrains\Toolbox\scripts;C:\Users\v22\Desktop\coding\maven\bin;C:\Users\v22\Desktop\coding\stripe CLI;C:\Users\v22\Desktop\coding\ffmpeg\ffmpeg-6.1-full_build\bin;C:\Program Files\Java\jdk-21\bin;C:\Users\v22\Desktop\coding\shaderc
USERNAME=v22
OS=Windows_NT
PROCESSOR_IDENTIFIER=Intel64 Family 6 Model 158 Stepping 11, GenuineIntel
TMP=C:\Users\v22\AppData\Local\Temp
TEMP=C:\Users\v22\AppData\Local\Temp




Periodic native trim disabled

---------------  S Y S T E M  ---------------

OS:
 Windows 10 , 64 bit Build 19041 (10.0.19041.2364)
OS uptime: 0 days 2:14 hours

CPU: total 4 (initial active 4) (4 cores per cpu, 1 threads per core) family 6 model 158 stepping 11 microcode 0xd2, cx8, cmov, fxsr, mmx, 3dnowpref, sse, sse2, sse3, ssse3, sse4.1, sse4.2, popcnt, lzcnt, tsc, tscinvbit, avx, avx2, aes, erms, clmul, bmi1, bmi2, adx, fma, vzeroupper, clflush, clflushopt, rdtscp, f16c
Processor Information for all 4 processors :
  Max Mhz: 3600, Current Mhz: 3600, Mhz Limit: 3600

Memory: 4k page, system-wide physical 16211M (7529M free)
TotalPageFile size 21011M (AvailPageFile size 10157M)
current process WorkingSet (physical memory assigned to process): 54M, peak: 54M
current process commit charge ("private bytes"): 335M, peak: 335M

vm_info: Java HotSpot(TM) 64-Bit Server VM (21.0.1+12-LTS-29) for windows-amd64 JRE (21.0.1+12-LTS-29), built on 2023-10-05T13:27:09Z by "mach5one" with MS VC++ 17.1 (VS2022)

END.
