#
# A fatal error has been detected by the Java Runtime Environment:
#
#  EXCEPTION_ACCESS_VIOLATION (0xc0000005) at pc=0x00007ff8ee8e6834, pid=9736, tid=9548
#
# JRE version: Java(TM) SE Runtime Environment (21.0.1+12) (build 21.0.1+12-LTS-29)
# Java VM: Java HotSpot(TM) 64-Bit Server VM (21.0.1+12-LTS-29, mixed mode, sharing, tiered, compressed oops, compressed class ptrs, g1 gc, windows-amd64)
# Problematic frame:
# C  [jdwp.dll+0x26834]
#
# No core dump will be written. Minidumps are not enabled by default on client versions of Windows
#
# If you would like to submit a bug report, please visit:
#   https://bugreport.java.com/bugreport/crash.jsp
# The crash happened outside the Java Virtual Machine in native code.
# See problematic frame for where to report the bug.
#

---------------  S U M M A R Y ------------

Command Line: -agentlib:jdwp=transport=dt_socket,address=127.0.0.1:53021,suspend=y,server=n -javaagent:C:\Users\v22\AppData\Local\JetBrains\IntelliJIdea2023.3\captureAgent\debugger-agent.jar -Dfile.encoding=UTF-8 -Dsun.stdout.encoding=UTF-8 -Dsun.stderr.encoding=UTF-8 dev.mv.ems.Main

Host: Intel(R) Core(TM) i3-8100 CPU @ 3.60GHz, 4 cores, 15G,  Windows 10 , 64 bit Build 19041 (10.0.19041.2364)
Time: Thu Dec 21 18:11:53 2023 Mitteleuropäische Zeit elapsed time: 2.772303 seconds (0d 0h 0m 2s)

---------------  T H R E A D  ---------------

Current thread (0x00000139740a0110):  JavaThread "main"             [_thread_in_native, id=9548, stack(0x00000022b0c00000,0x00000022b0d00000) (1024K)]

Stack: [0x00000022b0c00000,0x00000022b0d00000],  sp=0x00000022b0cfe078,  free space=1016k
Native frames: (J=compiled Java code, j=interpreted, Vv=VM code, C=native code)
C  [jdwp.dll+0x26834]

Java frames: (J=compiled Java code, j=interpreted, Vv=VM code)
j  org.lwjgl.openal.ALC.create(Ljava/lang/String;)V+10
j  org.lwjgl.openal.ALC.create()V+69
j  org.lwjgl.openal.ALC.<clinit>()V+29
v  ~StubRoutines::call_stub 0x000001390753100d
j  org.lwjgl.openal.ALC10.nalcGetString(JI)J+0
j  org.lwjgl.openal.ALC10.alcGetString(JI)Ljava/lang/String;+2
j  dev.mv.engine.audio.Audio.<init>(I)V+42
j  dev.mv.engine.audio.Audio.init(I)Ldev/mv/engine/audio/Audio;+23
j  dev.mv.engine.MVEngine.init(Ldev/mv/engine/ApplicationConfig;)Ldev/mv/engine/MVEngine;+58
j  dev.mv.ems.Main.main([Ljava/lang/String;)V+149
v  ~StubRoutines::call_stub 0x000001390753100d

siginfo: EXCEPTION_ACCESS_VIOLATION (0xc0000005), reading address 0xffffffffffffffff


Registers:
RAX=0x000001395a557dc0, RBX=0x00000139740b4290, RCX=0x00000139740a04c8, RDX=0x00000139740b4290
RSP=0x00000022b0cfe078, RBP=0x0000000000000002, RSI=0x00000022b0cfe120, RDI=0x00000139740a04c8
R8 =0x0000000000010002, R9 =0x0000000000000000, R10=0x00007ff8e8370000, R11=0x00000022b0cfe048
R12=0x0000000000000007, R13=0x000001397418f970, R14=0x00007ff8ee8f0200, R15=0x0000000000000000
RIP=0x00007ff8ee8e6834, EFLAGS=0x0000000000010202


Register to memory mapping:

RAX=0x000001395a557dc0 points into unknown readable memory: 0x0000000000000000 | 00 00 00 00 00 00 00 00
RBX=0x00000139740b4290 points into unknown readable memory: 0x0000000712609c38 | 38 9c 60 12 07 00 00 00
RCX=0x00000139740a04c8 points into unknown readable memory: 0x000001395a557dc0 | c0 7d 55 5a 39 01 00 00
RDX=0x00000139740b4290 points into unknown readable memory: 0x0000000712609c38 | 38 9c 60 12 07 00 00 00
RSP=0x00000022b0cfe078 is pointing into the stack for thread: 0x00000139740a0110
RBP=0x0000000000000002 is an unknown value
RSI=0x00000022b0cfe120 is pointing into the stack for thread: 0x00000139740a0110
RDI=0x00000139740a04c8 points into unknown readable memory: 0x000001395a557dc0 | c0 7d 55 5a 39 01 00 00
R8 =0x0000000000010002 is an unknown value
R9 =0x0 is null
R10=0x00007ff8e8370000 VCRUNTIME140.dll
R11=0x00000022b0cfe048 is pointing into the stack for thread: 0x00000139740a0110
R12=0x0000000000000007 is an unknown value
R13=0x000001397418f970 points into unknown readable memory: 0x00007ff8948a5040 | 40 50 8a 94 f8 7f 00 00
R14=0x00007ff8ee8f0200 jdwp.dll
R15=0x0 is null

Top of Stack: (sp=0x00000022b0cfe078)
0x00000022b0cfe078:   00007ff8ee8d60d7 00000139740b4290
0x00000022b0cfe088:   00000022b0cfe120 0000000000000000
0x00000022b0cfe098:   0000000000000000 0000013915480090
0x00000022b0cfe0a8:   00002428a0b27e39 000001397408ee90
0x00000022b0cfe0b8:   00007ff8ee8f02d8 00000139740b4290
0x00000022b0cfe0c8:   00007ff8ee8d2757 00000139740b4290
0x00000022b0cfe0d8:   0000000000000002 00000139740a04c8
0x00000022b0cfe0e8:   00000139740b4298 0000013915000e80
0x00000022b0cfe0f8:   00000139564e6690 00000022b0cfe200
0x00000022b0cfe108:   0000000000000000 00000022b0cfe380
0x00000022b0cfe118:   000001391601cef8 0000000000000007
0x00000022b0cfe128:   00000139740b4290 0000000000000000
0x00000022b0cfe138:   00000139740b4298 0000000000000000
0x00000022b0cfe148:   0000000000000000 0000000000000000
0x00000022b0cfe158:   0000000000000000 0000000000000000
0x00000022b0cfe168:   0000000000000000 0000000000000000
0x00000022b0cfe178:   00000139740b4290 0000013916028200
0x00000022b0cfe188:   00007ff8942682a7 00000139740b4298
0x00000022b0cfe198:   000001395a214910 00000139740a0110
0x00000022b0cfe1a8:   00007ff8942b0bb1 000001397408ee40
0x00000022b0cfe1b8:   00000139740a0110 0000000000000000
0x00000022b0cfe1c8:   00000022b0cfe2d0 0000013916028200
0x00000022b0cfe1d8:   0000013956478462 00000139740807d0
0x00000022b0cfe1e8:   00000139740a0780 00000139740a0790
0x00000022b0cfe1f8:   00000139740a0b68 00000000000003d8
0x00000022b0cfe208:   00000139740a0110 00000139740a0110
0x00000022b0cfe218:   0000013974080910 00000139740a0b70
0x00000022b0cfe228:   00000139740a0b90 00000139740a0c58
0x00000022b0cfe238:   00000000000000d8 00000022b0cfe250
0x00000022b0cfe248:   00007ff893f6d511 00000139740a0110
0x00000022b0cfe258:   0000013974080910 00000139740a0b70
0x00000022b0cfe268:   00000139740a0b90 00000139740a0c58 

Instructions: (pc=0x00007ff8ee8e6834)
0x00007ff8ee8e6734:   05 c7 09 01 00 48 8b 03 48 8b d7 4d 8b 40 30 48
0x00007ff8ee8e6744:   8b cb 48 8b 5c 24 30 48 83 c4 20 5f 48 ff a0 00
0x00007ff8ee8e6754:   01 00 00 cc 48 89 5c 24 08 57 48 83 ec 20 48 8b
0x00007ff8ee8e6764:   f9 e8 f2 ea ff ff 4c 8b 05 8f 09 01 00 48 8b d8
0x00007ff8ee8e6774:   41 f6 80 10 02 00 00 02 74 33 41 b8 20 06 00 00
0x00007ff8ee8e6784:   48 8d 15 ad c3 00 00 48 8d 0d 72 5c 00 00 e8 d9
0x00007ff8ee8e6794:   48 ff ff 48 8d 15 ea 99 00 00 48 8d 0d 73 5c 00
0x00007ff8ee8e67a4:   00 e8 6e 49 ff ff 4c 8b 05 4f 09 01 00 48 8b 03
0x00007ff8ee8e67b4:   48 8b d7 4d 8b 40 38 48 8b cb 48 8b 5c 24 30 48
0x00007ff8ee8e67c4:   83 c4 20 5f 48 ff a0 00 01 00 00 cc 48 89 5c 24
0x00007ff8ee8e67d4:   08 57 48 83 ec 20 48 8b f9 e8 7a ea ff ff 48 8b
0x00007ff8ee8e67e4:   15 17 09 01 00 48 8b d8 f6 82 10 02 00 00 02 74
0x00007ff8ee8e67f4:   2c 41 b8 12 06 00 00 48 8d 15 36 c3 00 00 48 8d
0x00007ff8ee8e6804:   0d fb 5b 00 00 e8 62 48 ff ff 48 8d 15 db 6c 00
0x00007ff8ee8e6814:   00 48 8d 0d fc 5b 00 00 e8 f7 48 ff ff 48 8b 03
0x00007ff8ee8e6824:   48 8b d7 48 8b cb 48 8b 5c 24 30 48 83 c4 20 5f
0x00007ff8ee8e6834:   48 ff a0 50 07 00 00 cc 48 89 5c 24 08 48 89 74
0x00007ff8ee8e6844:   24 10 48 89 7c 24 18 41 56 48 83 ec 20 4c 63 f2
0x00007ff8ee8e6854:   49 8b d8 48 8b d1 41 8b f9 48 8b cb 4d 8d 46 ff
0x00007ff8ee8e6864:   ff 15 06 5a 00 00 85 c0 75 3c 41 0f be 44 1e ff
0x00007ff8ee8e6874:   3b c7 75 32 49 03 de eb 10 0f be c8 ff 15 da 59
0x00007ff8ee8e6884:   00 00 85 c0 74 09 48 ff c3 8a 03 84 c0 75 ea 80
0x00007ff8ee8e6894:   3b 3b 74 12 8b d7 48 8b cb e8 30 4b 00 00 48 85
0x00007ff8ee8e68a4:   c0 0f 94 c0 eb 02 32 c0 48 8b 5c 24 30 48 8b 74
0x00007ff8ee8e68b4:   24 38 48 8b 7c 24 40 48 83 c4 20 41 5e c3 cc cc
0x00007ff8ee8e68c4:   0f b6 d1 83 fa 1e 0f 87 83 00 00 00 74 7b 83 fa
0x00007ff8ee8e68d4:   07 77 41 74 39 83 ea 01 74 2e 83 ea 01 74 23 83
0x00007ff8ee8e68e4:   ea 01 74 18 83 ea 01 74 0d 83 fa 02 0f 85 8a 00
0x00007ff8ee8e68f4:   00 00 8d 42 03 c3 b8 04 00 00 00 c3 b8 03 00 00
0x00007ff8ee8e6904:   00 c3 b8 02 00 00 00 c3 b8 01 00 00 00 c3 b8 06
0x00007ff8ee8e6914:   00 00 00 c3 b8 08 00 00 00 2b d0 74 26 83 ea 01
0x00007ff8ee8e6924:   0f 84 88 00 00 00 83 ea 01 74 12 b8 0a 00 00 00 


Stack slot to memory mapping:

stack at sp + 0 slots: 0x00007ff8ee8d60d7 jdwp.dll
stack at sp + 1 slots: 0x00000139740b4290 points into unknown readable memory: 0x0000000712609c38 | 38 9c 60 12 07 00 00 00
stack at sp + 2 slots: 0x00000022b0cfe120 is pointing into the stack for thread: 0x00000139740a0110
stack at sp + 3 slots: 0x0 is null
stack at sp + 4 slots: 0x0 is null
stack at sp + 5 slots: 0x0000013915480090 is pointing into metadata
stack at sp + 6 slots: 0x00002428a0b27e39 is an unknown value
stack at sp + 7 slots: 0x000001397408ee90 points into unknown readable memory: 0x8000001200000001 | 01 00 00 00 12 00 00 80


---------------  P R O C E S S  ---------------

Threads class SMR info:
_java_thread_list=0x000001395a4eb770, length=14, elements={
0x00000139740a0110, 0x000001397f982e70, 0x000001397f983f40, 0x000001397f9880d0,
0x000001397f989b40, 0x000001397f98a5a0, 0x000001397f98b000, 0x000001397f98bd90,
0x000001397f9f7950, 0x000001397f94e130, 0x000001395a33d210, 0x000001395a33e700,
0x000001395a3d0950, 0x000001395a3936b0
}

Java Threads: ( => current thread )
=>0x00000139740a0110 JavaThread "main"                              [_thread_in_native, id=9548, stack(0x00000022b0c00000,0x00000022b0d00000) (1024K)]
  0x000001397f982e70 JavaThread "Reference Handler"          daemon [_thread_blocked, id=11796, stack(0x00000022b1400000,0x00000022b1500000) (1024K)]
  0x000001397f983f40 JavaThread "Finalizer"                  daemon [_thread_blocked, id=1976, stack(0x00000022b1500000,0x00000022b1600000) (1024K)]
  0x000001397f9880d0 JavaThread "Signal Dispatcher"          daemon [_thread_blocked, id=9588, stack(0x00000022b1600000,0x00000022b1700000) (1024K)]
  0x000001397f989b40 JavaThread "Attach Listener"            daemon [_thread_blocked, id=6456, stack(0x00000022b1700000,0x00000022b1800000) (1024K)]
  0x000001397f98a5a0 JavaThread "Service Thread"             daemon [_thread_blocked, id=10952, stack(0x00000022b1800000,0x00000022b1900000) (1024K)]
  0x000001397f98b000 JavaThread "Monitor Deflation Thread"   daemon [_thread_blocked, id=13276, stack(0x00000022b1900000,0x00000022b1a00000) (1024K)]
  0x000001397f98bd90 JavaThread "C2 CompilerThread0"         daemon [_thread_blocked, id=4340, stack(0x00000022b1a00000,0x00000022b1b00000) (1024K)]
  0x000001397f9f7950 JavaThread "C1 CompilerThread0"         daemon [_thread_blocked, id=9212, stack(0x00000022b1b00000,0x00000022b1c00000) (1024K)]
  0x000001397f94e130 JavaThread "Common-Cleaner"             daemon [_thread_blocked, id=772, stack(0x00000022b1c00000,0x00000022b1d00000) (1024K)]
  0x000001395a33d210 JavaThread "JDWP Transport Listener: dt_socket" daemon [_thread_blocked, id=11632, stack(0x00000022b1d00000,0x00000022b1e00000) (1024K)]
  0x000001395a33e700 JavaThread "JDWP Event Helper Thread"   daemon [_thread_blocked, id=10348, stack(0x00000022b1e00000,0x00000022b1f00000) (1024K)]
  0x000001395a3d0950 JavaThread "JDWP Command Reader"        daemon [_thread_in_native, id=10248, stack(0x00000022b1f00000,0x00000022b2000000) (1024K)]
  0x000001395a3936b0 JavaThread "Notification Thread"        daemon [_thread_blocked, id=5664, stack(0x00000022b2000000,0x00000022b2100000) (1024K)]
Total: 14

Other Threads:
  0x000001397f963af0 VMThread "VM Thread"                           [id=9740, stack(0x00000022b1300000,0x00000022b1400000) (1024K)]
  0x000001397f94cc70 WatcherThread "VM Periodic Task Thread"        [id=328, stack(0x00000022b1200000,0x00000022b1300000) (1024K)]
  0x00000139741f9bc0 WorkerThread "GC Thread#0"                     [id=6520, stack(0x00000022b0d00000,0x00000022b0e00000) (1024K)]
  0x000001397420a970 ConcurrentGCThread "G1 Main Marker"            [id=2288, stack(0x00000022b0e00000,0x00000022b0f00000) (1024K)]
  0x000001397420b620 WorkerThread "G1 Conc#0"                       [id=8916, stack(0x00000022b0f00000,0x00000022b1000000) (1024K)]
  0x000001397f8220b0 ConcurrentGCThread "G1 Refine#0"               [id=128, stack(0x00000022b1000000,0x00000022b1100000) (1024K)]
  0x0000013974268970 ConcurrentGCThread "G1 Service"                [id=12948, stack(0x00000022b1100000,0x00000022b1200000) (1024K)]
Total: 7

Threads with active compile tasks:
Total: 0

VM state: not at safepoint (normal execution)

VM Mutex/Monitor currently owned by a thread: None

Heap address: 0x0000000702a00000, size: 4054 MB, Compressed Oops mode: Zero based, Oop shift amount: 3

CDS archive(s) mapped at: [0x0000013915000000-0x0000013915c90000-0x0000013915c90000), size 13172736, SharedBaseAddress: 0x0000013915000000, ArchiveRelocationMode: 1.
Compressed class space mapped at: 0x0000013916000000-0x0000013956000000, reserved size: 1073741824
Narrow klass base: 0x0000013915000000, Narrow klass shift: 0, Narrow klass range: 0x100000000

GC Precious Log:
 CardTable entry size: 512
 Card Set container configuration: InlinePtr #cards 4 size 8 Array Of Cards #cards 16 size 48 Howl #buckets 8 coarsen threshold 3686 Howl Bitmap #cards 512 size 80 coarsen threshold 460 Card regions per heap region 1 cards per card region 4096
 CPUs: 4 total, 4 available
 Memory: 16211M
 Large Page Support: Disabled
 NUMA Support: Disabled
 Compressed Oops: Enabled (Zero based)
 Heap Region Size: 2M
 Heap Min Capacity: 8M
 Heap Initial Capacity: 254M
 Heap Max Capacity: 4054M
 Pre-touch: Disabled
 Parallel Workers: 4
 Concurrent Workers: 1
 Concurrent Refinement Workers: 4
 Periodic GC: Disabled

Heap:
 garbage-first heap   total 260096K, used 10240K [0x0000000702a00000, 0x0000000800000000)
  region size 2048K, 6 young (12288K), 0 survivors (0K)
 Metaspace       used 2564K, committed 2752K, reserved 1114112K
  class space    used 234K, committed 320K, reserved 1048576K

Heap Regions: E=young(eden), S=young(survivor), O=old, HS=humongous(starts), HC=humongous(continues), CS=collection set, F=free, TAMS=top-at-mark-start, PB=parsable bottom
|   0|0x0000000702a00000, 0x0000000702a00000, 0x0000000702c00000|  0%| F|  |TAMS 0x0000000702a00000| PB 0x0000000702a00000| Untracked 
|   1|0x0000000702c00000, 0x0000000702c00000, 0x0000000702e00000|  0%| F|  |TAMS 0x0000000702c00000| PB 0x0000000702c00000| Untracked 
|   2|0x0000000702e00000, 0x0000000702e00000, 0x0000000703000000|  0%| F|  |TAMS 0x0000000702e00000| PB 0x0000000702e00000| Untracked 
|   3|0x0000000703000000, 0x0000000703000000, 0x0000000703200000|  0%| F|  |TAMS 0x0000000703000000| PB 0x0000000703000000| Untracked 
|   4|0x0000000703200000, 0x0000000703200000, 0x0000000703400000|  0%| F|  |TAMS 0x0000000703200000| PB 0x0000000703200000| Untracked 
|   5|0x0000000703400000, 0x0000000703400000, 0x0000000703600000|  0%| F|  |TAMS 0x0000000703400000| PB 0x0000000703400000| Untracked 
|   6|0x0000000703600000, 0x0000000703600000, 0x0000000703800000|  0%| F|  |TAMS 0x0000000703600000| PB 0x0000000703600000| Untracked 
|   7|0x0000000703800000, 0x0000000703800000, 0x0000000703a00000|  0%| F|  |TAMS 0x0000000703800000| PB 0x0000000703800000| Untracked 
|   8|0x0000000703a00000, 0x0000000703a00000, 0x0000000703c00000|  0%| F|  |TAMS 0x0000000703a00000| PB 0x0000000703a00000| Untracked 
|   9|0x0000000703c00000, 0x0000000703c00000, 0x0000000703e00000|  0%| F|  |TAMS 0x0000000703c00000| PB 0x0000000703c00000| Untracked 
|  10|0x0000000703e00000, 0x0000000703e00000, 0x0000000704000000|  0%| F|  |TAMS 0x0000000703e00000| PB 0x0000000703e00000| Untracked 
|  11|0x0000000704000000, 0x0000000704000000, 0x0000000704200000|  0%| F|  |TAMS 0x0000000704000000| PB 0x0000000704000000| Untracked 
|  12|0x0000000704200000, 0x0000000704200000, 0x0000000704400000|  0%| F|  |TAMS 0x0000000704200000| PB 0x0000000704200000| Untracked 
|  13|0x0000000704400000, 0x0000000704400000, 0x0000000704600000|  0%| F|  |TAMS 0x0000000704400000| PB 0x0000000704400000| Untracked 
|  14|0x0000000704600000, 0x0000000704600000, 0x0000000704800000|  0%| F|  |TAMS 0x0000000704600000| PB 0x0000000704600000| Untracked 
|  15|0x0000000704800000, 0x0000000704800000, 0x0000000704a00000|  0%| F|  |TAMS 0x0000000704800000| PB 0x0000000704800000| Untracked 
|  16|0x0000000704a00000, 0x0000000704a00000, 0x0000000704c00000|  0%| F|  |TAMS 0x0000000704a00000| PB 0x0000000704a00000| Untracked 
|  17|0x0000000704c00000, 0x0000000704c00000, 0x0000000704e00000|  0%| F|  |TAMS 0x0000000704c00000| PB 0x0000000704c00000| Untracked 
|  18|0x0000000704e00000, 0x0000000704e00000, 0x0000000705000000|  0%| F|  |TAMS 0x0000000704e00000| PB 0x0000000704e00000| Untracked 
|  19|0x0000000705000000, 0x0000000705000000, 0x0000000705200000|  0%| F|  |TAMS 0x0000000705000000| PB 0x0000000705000000| Untracked 
|  20|0x0000000705200000, 0x0000000705200000, 0x0000000705400000|  0%| F|  |TAMS 0x0000000705200000| PB 0x0000000705200000| Untracked 
|  21|0x0000000705400000, 0x0000000705400000, 0x0000000705600000|  0%| F|  |TAMS 0x0000000705400000| PB 0x0000000705400000| Untracked 
|  22|0x0000000705600000, 0x0000000705600000, 0x0000000705800000|  0%| F|  |TAMS 0x0000000705600000| PB 0x0000000705600000| Untracked 
|  23|0x0000000705800000, 0x0000000705800000, 0x0000000705a00000|  0%| F|  |TAMS 0x0000000705800000| PB 0x0000000705800000| Untracked 
|  24|0x0000000705a00000, 0x0000000705a00000, 0x0000000705c00000|  0%| F|  |TAMS 0x0000000705a00000| PB 0x0000000705a00000| Untracked 
|  25|0x0000000705c00000, 0x0000000705c00000, 0x0000000705e00000|  0%| F|  |TAMS 0x0000000705c00000| PB 0x0000000705c00000| Untracked 
|  26|0x0000000705e00000, 0x0000000705e00000, 0x0000000706000000|  0%| F|  |TAMS 0x0000000705e00000| PB 0x0000000705e00000| Untracked 
|  27|0x0000000706000000, 0x0000000706000000, 0x0000000706200000|  0%| F|  |TAMS 0x0000000706000000| PB 0x0000000706000000| Untracked 
|  28|0x0000000706200000, 0x0000000706200000, 0x0000000706400000|  0%| F|  |TAMS 0x0000000706200000| PB 0x0000000706200000| Untracked 
|  29|0x0000000706400000, 0x0000000706400000, 0x0000000706600000|  0%| F|  |TAMS 0x0000000706400000| PB 0x0000000706400000| Untracked 
|  30|0x0000000706600000, 0x0000000706600000, 0x0000000706800000|  0%| F|  |TAMS 0x0000000706600000| PB 0x0000000706600000| Untracked 
|  31|0x0000000706800000, 0x0000000706800000, 0x0000000706a00000|  0%| F|  |TAMS 0x0000000706800000| PB 0x0000000706800000| Untracked 
|  32|0x0000000706a00000, 0x0000000706a00000, 0x0000000706c00000|  0%| F|  |TAMS 0x0000000706a00000| PB 0x0000000706a00000| Untracked 
|  33|0x0000000706c00000, 0x0000000706c00000, 0x0000000706e00000|  0%| F|  |TAMS 0x0000000706c00000| PB 0x0000000706c00000| Untracked 
|  34|0x0000000706e00000, 0x0000000706e00000, 0x0000000707000000|  0%| F|  |TAMS 0x0000000706e00000| PB 0x0000000706e00000| Untracked 
|  35|0x0000000707000000, 0x0000000707000000, 0x0000000707200000|  0%| F|  |TAMS 0x0000000707000000| PB 0x0000000707000000| Untracked 
|  36|0x0000000707200000, 0x0000000707200000, 0x0000000707400000|  0%| F|  |TAMS 0x0000000707200000| PB 0x0000000707200000| Untracked 
|  37|0x0000000707400000, 0x0000000707400000, 0x0000000707600000|  0%| F|  |TAMS 0x0000000707400000| PB 0x0000000707400000| Untracked 
|  38|0x0000000707600000, 0x0000000707600000, 0x0000000707800000|  0%| F|  |TAMS 0x0000000707600000| PB 0x0000000707600000| Untracked 
|  39|0x0000000707800000, 0x0000000707800000, 0x0000000707a00000|  0%| F|  |TAMS 0x0000000707800000| PB 0x0000000707800000| Untracked 
|  40|0x0000000707a00000, 0x0000000707a00000, 0x0000000707c00000|  0%| F|  |TAMS 0x0000000707a00000| PB 0x0000000707a00000| Untracked 
|  41|0x0000000707c00000, 0x0000000707c00000, 0x0000000707e00000|  0%| F|  |TAMS 0x0000000707c00000| PB 0x0000000707c00000| Untracked 
|  42|0x0000000707e00000, 0x0000000707e00000, 0x0000000708000000|  0%| F|  |TAMS 0x0000000707e00000| PB 0x0000000707e00000| Untracked 
|  43|0x0000000708000000, 0x0000000708000000, 0x0000000708200000|  0%| F|  |TAMS 0x0000000708000000| PB 0x0000000708000000| Untracked 
|  44|0x0000000708200000, 0x0000000708200000, 0x0000000708400000|  0%| F|  |TAMS 0x0000000708200000| PB 0x0000000708200000| Untracked 
|  45|0x0000000708400000, 0x0000000708400000, 0x0000000708600000|  0%| F|  |TAMS 0x0000000708400000| PB 0x0000000708400000| Untracked 
|  46|0x0000000708600000, 0x0000000708600000, 0x0000000708800000|  0%| F|  |TAMS 0x0000000708600000| PB 0x0000000708600000| Untracked 
|  47|0x0000000708800000, 0x0000000708800000, 0x0000000708a00000|  0%| F|  |TAMS 0x0000000708800000| PB 0x0000000708800000| Untracked 
|  48|0x0000000708a00000, 0x0000000708a00000, 0x0000000708c00000|  0%| F|  |TAMS 0x0000000708a00000| PB 0x0000000708a00000| Untracked 
|  49|0x0000000708c00000, 0x0000000708c00000, 0x0000000708e00000|  0%| F|  |TAMS 0x0000000708c00000| PB 0x0000000708c00000| Untracked 
|  50|0x0000000708e00000, 0x0000000708e00000, 0x0000000709000000|  0%| F|  |TAMS 0x0000000708e00000| PB 0x0000000708e00000| Untracked 
|  51|0x0000000709000000, 0x0000000709000000, 0x0000000709200000|  0%| F|  |TAMS 0x0000000709000000| PB 0x0000000709000000| Untracked 
|  52|0x0000000709200000, 0x0000000709200000, 0x0000000709400000|  0%| F|  |TAMS 0x0000000709200000| PB 0x0000000709200000| Untracked 
|  53|0x0000000709400000, 0x0000000709400000, 0x0000000709600000|  0%| F|  |TAMS 0x0000000709400000| PB 0x0000000709400000| Untracked 
|  54|0x0000000709600000, 0x0000000709600000, 0x0000000709800000|  0%| F|  |TAMS 0x0000000709600000| PB 0x0000000709600000| Untracked 
|  55|0x0000000709800000, 0x0000000709800000, 0x0000000709a00000|  0%| F|  |TAMS 0x0000000709800000| PB 0x0000000709800000| Untracked 
|  56|0x0000000709a00000, 0x0000000709a00000, 0x0000000709c00000|  0%| F|  |TAMS 0x0000000709a00000| PB 0x0000000709a00000| Untracked 
|  57|0x0000000709c00000, 0x0000000709c00000, 0x0000000709e00000|  0%| F|  |TAMS 0x0000000709c00000| PB 0x0000000709c00000| Untracked 
|  58|0x0000000709e00000, 0x0000000709e00000, 0x000000070a000000|  0%| F|  |TAMS 0x0000000709e00000| PB 0x0000000709e00000| Untracked 
|  59|0x000000070a000000, 0x000000070a000000, 0x000000070a200000|  0%| F|  |TAMS 0x000000070a000000| PB 0x000000070a000000| Untracked 
|  60|0x000000070a200000, 0x000000070a200000, 0x000000070a400000|  0%| F|  |TAMS 0x000000070a200000| PB 0x000000070a200000| Untracked 
|  61|0x000000070a400000, 0x000000070a400000, 0x000000070a600000|  0%| F|  |TAMS 0x000000070a400000| PB 0x000000070a400000| Untracked 
|  62|0x000000070a600000, 0x000000070a600000, 0x000000070a800000|  0%| F|  |TAMS 0x000000070a600000| PB 0x000000070a600000| Untracked 
|  63|0x000000070a800000, 0x000000070a800000, 0x000000070aa00000|  0%| F|  |TAMS 0x000000070a800000| PB 0x000000070a800000| Untracked 
|  64|0x000000070aa00000, 0x000000070aa00000, 0x000000070ac00000|  0%| F|  |TAMS 0x000000070aa00000| PB 0x000000070aa00000| Untracked 
|  65|0x000000070ac00000, 0x000000070ac00000, 0x000000070ae00000|  0%| F|  |TAMS 0x000000070ac00000| PB 0x000000070ac00000| Untracked 
|  66|0x000000070ae00000, 0x000000070ae00000, 0x000000070b000000|  0%| F|  |TAMS 0x000000070ae00000| PB 0x000000070ae00000| Untracked 
|  67|0x000000070b000000, 0x000000070b000000, 0x000000070b200000|  0%| F|  |TAMS 0x000000070b000000| PB 0x000000070b000000| Untracked 
|  68|0x000000070b200000, 0x000000070b200000, 0x000000070b400000|  0%| F|  |TAMS 0x000000070b200000| PB 0x000000070b200000| Untracked 
|  69|0x000000070b400000, 0x000000070b400000, 0x000000070b600000|  0%| F|  |TAMS 0x000000070b400000| PB 0x000000070b400000| Untracked 
|  70|0x000000070b600000, 0x000000070b600000, 0x000000070b800000|  0%| F|  |TAMS 0x000000070b600000| PB 0x000000070b600000| Untracked 
|  71|0x000000070b800000, 0x000000070b800000, 0x000000070ba00000|  0%| F|  |TAMS 0x000000070b800000| PB 0x000000070b800000| Untracked 
|  72|0x000000070ba00000, 0x000000070ba00000, 0x000000070bc00000|  0%| F|  |TAMS 0x000000070ba00000| PB 0x000000070ba00000| Untracked 
|  73|0x000000070bc00000, 0x000000070bc00000, 0x000000070be00000|  0%| F|  |TAMS 0x000000070bc00000| PB 0x000000070bc00000| Untracked 
|  74|0x000000070be00000, 0x000000070be00000, 0x000000070c000000|  0%| F|  |TAMS 0x000000070be00000| PB 0x000000070be00000| Untracked 
|  75|0x000000070c000000, 0x000000070c000000, 0x000000070c200000|  0%| F|  |TAMS 0x000000070c000000| PB 0x000000070c000000| Untracked 
|  76|0x000000070c200000, 0x000000070c200000, 0x000000070c400000|  0%| F|  |TAMS 0x000000070c200000| PB 0x000000070c200000| Untracked 
|  77|0x000000070c400000, 0x000000070c400000, 0x000000070c600000|  0%| F|  |TAMS 0x000000070c400000| PB 0x000000070c400000| Untracked 
|  78|0x000000070c600000, 0x000000070c600000, 0x000000070c800000|  0%| F|  |TAMS 0x000000070c600000| PB 0x000000070c600000| Untracked 
|  79|0x000000070c800000, 0x000000070c800000, 0x000000070ca00000|  0%| F|  |TAMS 0x000000070c800000| PB 0x000000070c800000| Untracked 
|  80|0x000000070ca00000, 0x000000070ca00000, 0x000000070cc00000|  0%| F|  |TAMS 0x000000070ca00000| PB 0x000000070ca00000| Untracked 
|  81|0x000000070cc00000, 0x000000070cc00000, 0x000000070ce00000|  0%| F|  |TAMS 0x000000070cc00000| PB 0x000000070cc00000| Untracked 
|  82|0x000000070ce00000, 0x000000070ce00000, 0x000000070d000000|  0%| F|  |TAMS 0x000000070ce00000| PB 0x000000070ce00000| Untracked 
|  83|0x000000070d000000, 0x000000070d000000, 0x000000070d200000|  0%| F|  |TAMS 0x000000070d000000| PB 0x000000070d000000| Untracked 
|  84|0x000000070d200000, 0x000000070d200000, 0x000000070d400000|  0%| F|  |TAMS 0x000000070d200000| PB 0x000000070d200000| Untracked 
|  85|0x000000070d400000, 0x000000070d400000, 0x000000070d600000|  0%| F|  |TAMS 0x000000070d400000| PB 0x000000070d400000| Untracked 
|  86|0x000000070d600000, 0x000000070d600000, 0x000000070d800000|  0%| F|  |TAMS 0x000000070d600000| PB 0x000000070d600000| Untracked 
|  87|0x000000070d800000, 0x000000070d800000, 0x000000070da00000|  0%| F|  |TAMS 0x000000070d800000| PB 0x000000070d800000| Untracked 
|  88|0x000000070da00000, 0x000000070da00000, 0x000000070dc00000|  0%| F|  |TAMS 0x000000070da00000| PB 0x000000070da00000| Untracked 
|  89|0x000000070dc00000, 0x000000070dc00000, 0x000000070de00000|  0%| F|  |TAMS 0x000000070dc00000| PB 0x000000070dc00000| Untracked 
|  90|0x000000070de00000, 0x000000070de00000, 0x000000070e000000|  0%| F|  |TAMS 0x000000070de00000| PB 0x000000070de00000| Untracked 
|  91|0x000000070e000000, 0x000000070e000000, 0x000000070e200000|  0%| F|  |TAMS 0x000000070e000000| PB 0x000000070e000000| Untracked 
|  92|0x000000070e200000, 0x000000070e200000, 0x000000070e400000|  0%| F|  |TAMS 0x000000070e200000| PB 0x000000070e200000| Untracked 
|  93|0x000000070e400000, 0x000000070e400000, 0x000000070e600000|  0%| F|  |TAMS 0x000000070e400000| PB 0x000000070e400000| Untracked 
|  94|0x000000070e600000, 0x000000070e600000, 0x000000070e800000|  0%| F|  |TAMS 0x000000070e600000| PB 0x000000070e600000| Untracked 
|  95|0x000000070e800000, 0x000000070e800000, 0x000000070ea00000|  0%| F|  |TAMS 0x000000070e800000| PB 0x000000070e800000| Untracked 
|  96|0x000000070ea00000, 0x000000070ea00000, 0x000000070ec00000|  0%| F|  |TAMS 0x000000070ea00000| PB 0x000000070ea00000| Untracked 
|  97|0x000000070ec00000, 0x000000070ec00000, 0x000000070ee00000|  0%| F|  |TAMS 0x000000070ec00000| PB 0x000000070ec00000| Untracked 
|  98|0x000000070ee00000, 0x000000070ee00000, 0x000000070f000000|  0%| F|  |TAMS 0x000000070ee00000| PB 0x000000070ee00000| Untracked 
|  99|0x000000070f000000, 0x000000070f000000, 0x000000070f200000|  0%| F|  |TAMS 0x000000070f000000| PB 0x000000070f000000| Untracked 
| 100|0x000000070f200000, 0x000000070f200000, 0x000000070f400000|  0%| F|  |TAMS 0x000000070f200000| PB 0x000000070f200000| Untracked 
| 101|0x000000070f400000, 0x000000070f400000, 0x000000070f600000|  0%| F|  |TAMS 0x000000070f400000| PB 0x000000070f400000| Untracked 
| 102|0x000000070f600000, 0x000000070f600000, 0x000000070f800000|  0%| F|  |TAMS 0x000000070f600000| PB 0x000000070f600000| Untracked 
| 103|0x000000070f800000, 0x000000070f800000, 0x000000070fa00000|  0%| F|  |TAMS 0x000000070f800000| PB 0x000000070f800000| Untracked 
| 104|0x000000070fa00000, 0x000000070fa00000, 0x000000070fc00000|  0%| F|  |TAMS 0x000000070fa00000| PB 0x000000070fa00000| Untracked 
| 105|0x000000070fc00000, 0x000000070fc00000, 0x000000070fe00000|  0%| F|  |TAMS 0x000000070fc00000| PB 0x000000070fc00000| Untracked 
| 106|0x000000070fe00000, 0x000000070fe00000, 0x0000000710000000|  0%| F|  |TAMS 0x000000070fe00000| PB 0x000000070fe00000| Untracked 
| 107|0x0000000710000000, 0x0000000710000000, 0x0000000710200000|  0%| F|  |TAMS 0x0000000710000000| PB 0x0000000710000000| Untracked 
| 108|0x0000000710200000, 0x0000000710200000, 0x0000000710400000|  0%| F|  |TAMS 0x0000000710200000| PB 0x0000000710200000| Untracked 
| 109|0x0000000710400000, 0x0000000710400000, 0x0000000710600000|  0%| F|  |TAMS 0x0000000710400000| PB 0x0000000710400000| Untracked 
| 110|0x0000000710600000, 0x0000000710600000, 0x0000000710800000|  0%| F|  |TAMS 0x0000000710600000| PB 0x0000000710600000| Untracked 
| 111|0x0000000710800000, 0x0000000710800000, 0x0000000710a00000|  0%| F|  |TAMS 0x0000000710800000| PB 0x0000000710800000| Untracked 
| 112|0x0000000710a00000, 0x0000000710a00000, 0x0000000710c00000|  0%| F|  |TAMS 0x0000000710a00000| PB 0x0000000710a00000| Untracked 
| 113|0x0000000710c00000, 0x0000000710c00000, 0x0000000710e00000|  0%| F|  |TAMS 0x0000000710c00000| PB 0x0000000710c00000| Untracked 
| 114|0x0000000710e00000, 0x0000000710e00000, 0x0000000711000000|  0%| F|  |TAMS 0x0000000710e00000| PB 0x0000000710e00000| Untracked 
| 115|0x0000000711000000, 0x0000000711000000, 0x0000000711200000|  0%| F|  |TAMS 0x0000000711000000| PB 0x0000000711000000| Untracked 
| 116|0x0000000711200000, 0x0000000711200000, 0x0000000711400000|  0%| F|  |TAMS 0x0000000711200000| PB 0x0000000711200000| Untracked 
| 117|0x0000000711400000, 0x0000000711400000, 0x0000000711600000|  0%| F|  |TAMS 0x0000000711400000| PB 0x0000000711400000| Untracked 
| 118|0x0000000711600000, 0x0000000711600000, 0x0000000711800000|  0%| F|  |TAMS 0x0000000711600000| PB 0x0000000711600000| Untracked 
| 119|0x0000000711800000, 0x0000000711800000, 0x0000000711a00000|  0%| F|  |TAMS 0x0000000711800000| PB 0x0000000711800000| Untracked 
| 120|0x0000000711a00000, 0x0000000711a00000, 0x0000000711c00000|  0%| F|  |TAMS 0x0000000711a00000| PB 0x0000000711a00000| Untracked 
| 121|0x0000000711c00000, 0x0000000711d932e8, 0x0000000711e00000| 78%| E|  |TAMS 0x0000000711c00000| PB 0x0000000711c00000| Complete 
| 122|0x0000000711e00000, 0x0000000712000000, 0x0000000712000000|100%| E|CS|TAMS 0x0000000711e00000| PB 0x0000000711e00000| Complete 
| 123|0x0000000712000000, 0x0000000712200000, 0x0000000712200000|100%| E|CS|TAMS 0x0000000712000000| PB 0x0000000712000000| Complete 
| 124|0x0000000712200000, 0x0000000712400000, 0x0000000712400000|100%| E|CS|TAMS 0x0000000712200000| PB 0x0000000712200000| Complete 
| 125|0x0000000712400000, 0x0000000712600000, 0x0000000712600000|100%| E|CS|TAMS 0x0000000712400000| PB 0x0000000712400000| Complete 
| 126|0x0000000712600000, 0x0000000712800000, 0x0000000712800000|100%| E|CS|TAMS 0x0000000712600000| PB 0x0000000712600000| Complete 

Card table byte_map: [0x000001397ebd0000,0x000001397f3c0000] _byte_map_base: 0x000001397b3bb000

Marking Bits: (CMBitMap*) 0x00000139741fa2c0
 Bits: [0x000001390f000000, 0x0000013912f58000)

Polling page: 0x0000013973fe0000

Metaspace:

Usage:
  Non-class:      2.28 MB used.
      Class:    234.05 KB used.
       Both:      2.50 MB used.

Virtual space:
  Non-class space:       64.00 MB reserved,       2.38 MB (  4%) committed,  1 nodes.
      Class space:        1.00 GB reserved,     320.00 KB ( <1%) committed,  1 nodes.
             Both:        1.06 GB reserved,       2.69 MB ( <1%) committed. 

Chunk freelists:
   Non-Class:  11.09 MB
       Class:  15.58 MB
        Both:  26.67 MB

MaxMetaspaceSize: unlimited
CompressedClassSpaceSize: 1.00 GB
Initial GC threshold: 21.00 MB
Current GC threshold: 21.00 MB
CDS: on
 - commit_granule_bytes: 65536.
 - commit_granule_words: 8192.
 - virtual_space_node_default_size: 8388608.
 - enlarge_chunks_in_place: 1.
 - use_allocation_guard: 0.


Internal statistics:

num_allocs_failed_limit: 0.
num_arena_births: 136.
num_arena_deaths: 0.
num_vsnodes_births: 2.
num_vsnodes_deaths: 0.
num_space_committed: 43.
num_space_uncommitted: 0.
num_chunks_returned_to_freelist: 0.
num_chunks_taken_from_freelist: 222.
num_chunk_merges: 0.
num_chunk_splits: 127.
num_chunks_enlarged: 57.
num_inconsistent_stats: 0.

CodeHeap 'non-profiled nmethods': size=120000Kb used=242Kb max_used=242Kb free=119757Kb
 bounds [0x0000013907ad0000, 0x0000013907d40000, 0x000001390f000000]
CodeHeap 'profiled nmethods': size=120000Kb used=1001Kb max_used=1001Kb free=118998Kb
 bounds [0x0000013900000000, 0x0000013900270000, 0x0000013907530000]
CodeHeap 'non-nmethods': size=5760Kb used=1401Kb max_used=1415Kb free=4358Kb
 bounds [0x0000013907530000, 0x00000139077a0000, 0x0000013907ad0000]
 total_blobs=1135 nmethods=689 adapters=351
 compilation: enabled
              stopped_count=0, restarted_count=0
 full_count=0

Compilation events (20 events):
Event: 2.647 Thread 0x000001397f9f7950  680       3       jdk.internal.loader.BuiltinClassLoader::findLoadedModule (33 bytes)
Event: 2.647 Thread 0x000001397f9f7950 nmethod 680 0x00000139000f2e10 code [0x00000139000f3040, 0x00000139000f36d8]
Event: 2.648 Thread 0x000001397f9f7950  681       3       java.util.jar.JarFile::maybeInstantiateVerifier (42 bytes)
Event: 2.649 Thread 0x000001397f9f7950 nmethod 681 0x00000139000f3910 code [0x00000139000f3ae0, 0x00000139000f3e90]
Event: 2.651 Thread 0x000001397f9f7950  682       3       java.io.InputStream::<init> (5 bytes)
Event: 2.651 Thread 0x000001397f9f7950 nmethod 682 0x00000139000f3f90 code [0x00000139000f4140, 0x00000139000f42a8]
Event: 2.658 Thread 0x000001397f9f7950  683       3       jdk.internal.loader.BuiltinClassLoader::moduleReaderFor (45 bytes)
Event: 2.659 Thread 0x000001397f9f7950 nmethod 683 0x00000139000f4390 code [0x00000139000f4580, 0x00000139000f4c38]
Event: 2.659 Thread 0x000001397f9f7950  684       3       jdk.internal.module.SystemModuleFinders$SystemModuleReader::find (59 bytes)
Event: 2.659 Thread 0x000001397f98bd90  687       4       java.util.zip.ZipUtils::CENNAM (9 bytes)
Event: 2.659 Thread 0x000001397f9f7950 nmethod 684 0x00000139000f4e10 code [0x00000139000f50e0, 0x00000139000f5cc0]
Event: 2.659 Thread 0x000001397f9f7950  685       3       jdk.internal.module.SystemModuleFinders$SystemModuleReader::containsImageLocation (42 bytes)
Event: 2.659 Thread 0x000001397f9f7950 nmethod 685 0x00000139000f6190 code [0x00000139000f63e0, 0x00000139000f6af8]
Event: 2.660 Thread 0x000001397f9f7950  686  s!   3       jdk.internal.loader.URLClassPath::getLoader (194 bytes)
Event: 2.660 Thread 0x000001397f98bd90 nmethod 687 0x0000013907b0c710 code [0x0000013907b0c8a0, 0x0000013907b0c9a8]
Event: 2.660 Thread 0x000001397f9f7950 nmethod 686 0x00000139000f6e10 code [0x00000139000f7120, 0x00000139000f8718]
Event: 2.660 Thread 0x000001397f9f7950  688  s    3       jdk.internal.loader.Resource::cachedInputStream (20 bytes)
Event: 2.660 Thread 0x000001397f9f7950 nmethod 688 0x00000139000f8f90 code [0x00000139000f9140, 0x00000139000f9490]
Event: 2.660 Thread 0x000001397f9f7950  689       3       java.security.CodeSource::getCertificates (95 bytes)
Event: 2.661 Thread 0x000001397f9f7950 nmethod 689 0x00000139000f9590 code [0x00000139000f9800, 0x00000139000fa478]

GC Heap History (0 events):
No events

Dll operation events (9 events):
Event: 0.096 Loaded shared library C:\Program Files\Java\jdk-21\bin\java.dll
Event: 0.098 Loaded shared library C:\Program Files\Java\jdk-21\bin\zip.dll
Event: 0.214 Loaded shared library C:\Program Files\Java\jdk-21\bin\jsvml.dll
Event: 0.512 Loaded shared library C:\Program Files\Java\jdk-21\bin\instrument.dll
Event: 0.547 Loaded shared library C:\Program Files\Java\jdk-21\bin\net.dll
Event: 0.548 Loaded shared library C:\Program Files\Java\jdk-21\bin\nio.dll
Event: 0.563 Loaded shared library C:\Program Files\Java\jdk-21\bin\zip.dll
Event: 0.662 Loaded shared library C:\Program Files\Java\jdk-21\bin\jimage.dll
Event: 2.605 Loaded shared library C:\Users\v22\AppData\Local\Temp\lwjglv22\3.3.1-SNAPSHOT\lwjgl.dll

Deoptimization events (20 events):
Event: 2.447 Thread 0x00000139740a0110 Uncommon trap: trap_request=0xffffffde fr.pc=0x0000013907b01360 relative=0x0000000000000140
Event: 2.447 Thread 0x00000139740a0110 Uncommon trap: reason=class_check action=maybe_recompile pc=0x0000013907b01360 method=jdk.internal.misc.Unsafe.allocateUninitializedArray(Ljava/lang/Class;I)Ljava/lang/Object; @ 51 c2
Event: 2.447 Thread 0x00000139740a0110 DEOPT PACKING pc=0x0000013907b01360 sp=0x00000022b0cfaa70
Event: 2.447 Thread 0x00000139740a0110 DEOPT UNPACKING pc=0x00000139075846a2 sp=0x00000022b0cfa9f8 mode 2
Event: 2.447 Thread 0x00000139740a0110 Uncommon trap: trap_request=0xffffffde fr.pc=0x0000013907b01360 relative=0x0000000000000140
Event: 2.447 Thread 0x00000139740a0110 Uncommon trap: reason=class_check action=maybe_recompile pc=0x0000013907b01360 method=jdk.internal.misc.Unsafe.allocateUninitializedArray(Ljava/lang/Class;I)Ljava/lang/Object; @ 51 c2
Event: 2.447 Thread 0x00000139740a0110 DEOPT PACKING pc=0x0000013907b01360 sp=0x00000022b0cfaa10
Event: 2.447 Thread 0x00000139740a0110 DEOPT UNPACKING pc=0x00000139075846a2 sp=0x00000022b0cfa998 mode 2
Event: 2.448 Thread 0x00000139740a0110 Uncommon trap: trap_request=0xffffffde fr.pc=0x0000013907b01360 relative=0x0000000000000140
Event: 2.448 Thread 0x00000139740a0110 Uncommon trap: reason=class_check action=maybe_recompile pc=0x0000013907b01360 method=jdk.internal.misc.Unsafe.allocateUninitializedArray(Ljava/lang/Class;I)Ljava/lang/Object; @ 51 c2
Event: 2.448 Thread 0x00000139740a0110 DEOPT PACKING pc=0x0000013907b01360 sp=0x00000022b0cfe850
Event: 2.448 Thread 0x00000139740a0110 DEOPT UNPACKING pc=0x00000139075846a2 sp=0x00000022b0cfe7d8 mode 2
Event: 2.448 Thread 0x00000139740a0110 Uncommon trap: trap_request=0xffffffde fr.pc=0x0000013907b01360 relative=0x0000000000000140
Event: 2.448 Thread 0x00000139740a0110 Uncommon trap: reason=class_check action=maybe_recompile pc=0x0000013907b01360 method=jdk.internal.misc.Unsafe.allocateUninitializedArray(Ljava/lang/Class;I)Ljava/lang/Object; @ 51 c2
Event: 2.448 Thread 0x00000139740a0110 DEOPT PACKING pc=0x0000013907b01360 sp=0x00000022b0cfe7f0
Event: 2.448 Thread 0x00000139740a0110 DEOPT UNPACKING pc=0x00000139075846a2 sp=0x00000022b0cfe778 mode 2
Event: 2.555 Thread 0x00000139740a0110 Uncommon trap: trap_request=0xffffff45 fr.pc=0x0000013907b03d38 relative=0x0000000000000378
Event: 2.555 Thread 0x00000139740a0110 Uncommon trap: reason=unstable_if action=reinterpret pc=0x0000013907b03d38 method=jdk.internal.util.ArraysSupport.mismatch([BI[BII)I @ 16 c2
Event: 2.555 Thread 0x00000139740a0110 DEOPT PACKING pc=0x0000013907b03d38 sp=0x00000022b0cfc5f0
Event: 2.555 Thread 0x00000139740a0110 DEOPT UNPACKING pc=0x00000139075846a2 sp=0x00000022b0cfc500 mode 2

Classes loaded (20 events):
Event: 2.646 Loading class java/nio/BufferUnderflowException
Event: 2.646 Loading class java/nio/BufferUnderflowException done
Event: 2.647 Loading class org/lwjgl/system/MemoryStack
Event: 2.647 Loading class org/lwjgl/system/MemoryStack done
Event: 2.648 Loading class org/lwjgl/system/MemoryStack$DebugMemoryStack
Event: 2.648 Loading class org/lwjgl/system/MemoryStack$DebugMemoryStack done
Event: 2.649 Loading class org/lwjgl/system/MemoryStack
Event: 2.649 Loading class org/lwjgl/system/MemoryStack done
Event: 2.649 Loading class org/lwjgl/system/MemoryStack
Event: 2.649 Loading class org/lwjgl/system/MemoryStack done
Event: 2.649 Loading class org/lwjgl/BufferUtils
Event: 2.649 Loading class org/lwjgl/BufferUtils done
Event: 2.650 Loading class org/lwjgl/system/windows/WinBase
Event: 2.650 Loading class org/lwjgl/system/windows/WinBase done
Event: 2.652 Loading class org/lwjgl/system/ThreadLocalUtil
Event: 2.652 Loading class org/lwjgl/system/ThreadLocalUtil done
Event: 2.659 Loading class org/lwjgl/openal/ALC$SharedLibraryAL
Event: 2.659 Loading class org/lwjgl/openal/ALC$SharedLibraryAL done
Event: 2.659 Loading class org/lwjgl/system/SharedLibrary$Delegate
Event: 2.659 Loading class org/lwjgl/system/SharedLibrary$Delegate done

Classes unloaded (0 events):
No events

Classes redefined (0 events):
No events

Internal exceptions (20 events):
Event: 0.638 Thread 0x00000139740a0110 Exception <a 'java/lang/NoSuchMethodError'{0x00000007122aafd8}: 'java.lang.Object java.lang.invoke.DirectMethodHandle$Holder.invokeSpecial(java.lang.Object, java.lang.Object, java.lang.Object, java.lang.Object, double)'> (0x00000007122aafd8) 
thrown [s\open\src\hotspot\share\interpreter\linkResolver.cpp, line 773]
Event: 0.639 Thread 0x00000139740a0110 Exception <a 'java/lang/NoSuchMethodError'{0x00000007122ae678}: 'java.lang.Object java.lang.invoke.Invokers$Holder.linkToTargetMethod(java.lang.Object, java.lang.Object, double, java.lang.Object)'> (0x00000007122ae678) 
thrown [s\open\src\hotspot\share\interpreter\linkResolver.cpp, line 773]
Event: 0.716 Thread 0x00000139740a0110 Exception <a 'java/lang/NoSuchMethodError'{0x00000007123970f0}: 'int java.lang.invoke.DirectMethodHandle$Holder.invokeStaticInit(java.lang.Object, java.lang.Object)'> (0x00000007123970f0) 
thrown [s\open\src\hotspot\share\interpreter\linkResolver.cpp, line 773]
Event: 2.479 Thread 0x00000139740a0110 Exception <a 'java/lang/NoSuchMethodError'{0x0000000711fa8dc0}: 'void java.lang.invoke.DirectMethodHandle$Holder.invokeStatic(java.lang.Object, java.lang.Object)'> (0x0000000711fa8dc0) 
thrown [s\open\src\hotspot\share\interpreter\linkResolver.cpp, line 773]
Event: 2.555 Thread 0x00000139740a0110 Exception <a 'java/lang/NoSuchMethodError'{0x0000000711fb3428}: 'void java.lang.System.load(java.lang.String, java.lang.Class)'> (0x0000000711fb3428) 
thrown [s\open\src\hotspot\share\interpreter\linkResolver.cpp, line 773]
Event: 2.556 Thread 0x00000139740a0110 Exception <a 'java/lang/NoSuchMethodError'{0x0000000711fb3df8}: 'void java.lang.invoke.DirectMethodHandle$Holder.invokeSpecial(java.lang.Object, java.lang.Object, java.lang.Object)'> (0x0000000711fb3df8) 
thrown [s\open\src\hotspot\share\interpreter\linkResolver.cpp, line 773]
Event: 2.569 Thread 0x00000139740a0110 Exception <a 'java/lang/NoSuchMethodError'{0x0000000711fc76c8}: 'java.lang.Object java.lang.invoke.DirectMethodHandle$Holder.invokeStatic(java.lang.Object, java.lang.Object, int)'> (0x0000000711fc76c8) 
thrown [s\open\src\hotspot\share\interpreter\linkResolver.cpp, line 773]
Event: 2.570 Thread 0x00000139740a0110 Exception <a 'java/lang/NoSuchMethodError'{0x0000000711fd2b18}: 'void java.lang.invoke.DelegatingMethodHandle$Holder.delegate(java.lang.Object, java.lang.Object, int, java.lang.Object)'> (0x0000000711fd2b18) 
thrown [s\open\src\hotspot\share\interpreter\linkResolver.cpp, line 773]
Event: 2.570 Thread 0x00000139740a0110 Exception <a 'java/lang/NoSuchMethodError'{0x0000000711fd67a8}: 'int java.lang.invoke.DirectMethodHandle$Holder.invokeSpecial(java.lang.Object, java.lang.Object, java.lang.Object)'> (0x0000000711fd67a8) 
thrown [s\open\src\hotspot\share\interpreter\linkResolver.cpp, line 773]
Event: 2.574 Thread 0x00000139740a0110 Exception <a 'java/lang/NoSuchMethodError'{0x0000000711ff2520}: 'void java.lang.System.loadLibrary(java.lang.String, java.lang.Class)'> (0x0000000711ff2520) 
thrown [s\open\src\hotspot\share\interpreter\linkResolver.cpp, line 773]
Event: 2.602 Thread 0x00000139740a0110 Exception <a 'sun/nio/fs/WindowsException'{0x0000000711c6c110}> (0x0000000711c6c110) 
thrown [s\open\src\hotspot\share\prims\jni.cpp, line 520]
Event: 2.602 Thread 0x00000139740a0110 Exception <a 'sun/nio/fs/WindowsException'{0x0000000711c6d708}> (0x0000000711c6d708) 
thrown [s\open\src\hotspot\share\prims\jni.cpp, line 520]
Event: 2.628 Thread 0x00000139740a0110 Exception <a 'sun/nio/fs/WindowsException'{0x0000000711c925b8}> (0x0000000711c925b8) 
thrown [s\open\src\hotspot\share\prims\jni.cpp, line 520]
Event: 2.628 Thread 0x00000139740a0110 Exception <a 'sun/nio/fs/WindowsException'{0x0000000711c92928}> (0x0000000711c92928) 
thrown [s\open\src\hotspot\share\prims\jni.cpp, line 520]
Event: 2.641 Thread 0x00000139740a0110 Exception <a 'java/lang/NoSuchMethodError'{0x0000000711d168f0}: 'int java.lang.invoke.DirectMethodHandle$Holder.invokeStaticInit(java.lang.Object, java.lang.Object, int, long)'> (0x0000000711d168f0) 
thrown [s\open\src\hotspot\share\interpreter\linkResolver.cpp, line 773]
Event: 2.641 Thread 0x00000139740a0110 Exception <a 'java/lang/NoSuchMethodError'{0x0000000711d1bbc8}: 'java.lang.Object java.lang.invoke.DirectMethodHandle$Holder.newInvokeSpecial(java.lang.Object, java.lang.Object, int)'> (0x0000000711d1bbc8) 
thrown [s\open\src\hotspot\share\interpreter\linkResolver.cpp, line 773]
Event: 2.643 Thread 0x00000139740a0110 Exception <a 'java/lang/NoSuchMethodError'{0x0000000711d2ec20}: 'int java.lang.invoke.DirectMethodHandle$Holder.invokeStaticInit(java.lang.Object, java.lang.Object, long, long)'> (0x0000000711d2ec20) 
thrown [s\open\src\hotspot\share\interpreter\linkResolver.cpp, line 773]
Event: 2.644 Thread 0x00000139740a0110 Exception <a 'java/lang/NoSuchMethodError'{0x0000000711d343b0}: 'java.lang.Object java.lang.invoke.DirectMethodHandle$Holder.newInvokeSpecial(java.lang.Object, java.lang.Object, long)'> (0x0000000711d343b0) 
thrown [s\open\src\hotspot\share\interpreter\linkResolver.cpp, line 773]
Event: 2.644 Thread 0x00000139740a0110 Exception <a 'java/lang/NoSuchMethodError'{0x0000000711d37ca8}: 'java.lang.Object java.lang.invoke.Invokers$Holder.linkToTargetMethod(java.lang.Object, long, java.lang.Object)'> (0x0000000711d37ca8) 
thrown [s\open\src\hotspot\share\interpreter\linkResolver.cpp, line 773]
Event: 2.645 Thread 0x00000139740a0110 Exception <a 'java/lang/NoSuchMethodError'{0x0000000711d3ed30}: 'int java.lang.invoke.DirectMethodHandle$Holder.invokeStaticInit(java.lang.Object, java.lang.Object, java.lang.Object, long)'> (0x0000000711d3ed30) 
thrown [s\open\src\hotspot\share\interpreter\linkResolver.cpp, line 773]

ZGC Phase Switch (0 events):
No events

VM Operations (8 events):
Event: 0.304 Executing VM operation: HandshakeAllThreads (Deoptimize)
Event: 0.329 Executing VM operation: HandshakeAllThreads (Deoptimize) done
Event: 0.507 Executing VM operation: ChangeBreakpoints
Event: 0.507 Executing VM operation: ChangeBreakpoints done
Event: 0.507 Executing VM operation: ChangeBreakpoints
Event: 0.507 Executing VM operation: ChangeBreakpoints done
Event: 1.509 Executing VM operation: Cleanup
Event: 1.742 Executing VM operation: Cleanup done

Events (16 events):
Event: 0.120 Thread 0x00000139740a0110 Thread added: 0x00000139740a0110
Event: 0.211 Thread 0x000001397f982e70 Thread added: 0x000001397f982e70
Event: 0.211 Thread 0x000001397f983f40 Thread added: 0x000001397f983f40
Event: 0.212 Thread 0x000001397f9880d0 Thread added: 0x000001397f9880d0
Event: 0.212 Thread 0x000001397f989b40 Thread added: 0x000001397f989b40
Event: 0.212 Thread 0x000001397f98a5a0 Thread added: 0x000001397f98a5a0
Event: 0.212 Thread 0x000001397f98b000 Thread added: 0x000001397f98b000
Event: 0.212 Thread 0x000001397f98bd90 Thread added: 0x000001397f98bd90
Event: 0.219 Thread 0x000001397f9f7950 Thread added: 0x000001397f9f7950
Event: 0.277 Thread 0x000001397f94e130 Thread added: 0x000001397f94e130
Event: 0.376 Thread 0x000001395a33d210 Thread added: 0x000001395a33d210
Event: 0.377 Thread 0x000001395a33e700 Thread added: 0x000001395a33e700
Event: 0.397 Thread 0x000001395a3d0950 Thread added: 0x000001395a3d0950
Event: 0.533 Thread 0x000001395a3936b0 Thread added: 0x000001395a3936b0
Event: 0.764 Thread 0x000001395a3e2840 Thread added: 0x000001395a3e2840
Event: 2.358 Thread 0x000001395a3e2840 Thread exited: 0x000001395a3e2840


Dynamic libraries:
0x00007ff6e2810000 - 0x00007ff6e2820000 	C:\Program Files\Java\jdk-21\bin\java.exe
0x00007ff918f10000 - 0x00007ff919108000 	C:\Windows\SYSTEM32\ntdll.dll
0x00007ff917cb0000 - 0x00007ff917d6f000 	C:\Windows\System32\KERNEL32.DLL
0x00007ff916860000 - 0x00007ff916b32000 	C:\Windows\System32\KERNELBASE.dll
0x00007ff916e20000 - 0x00007ff916f20000 	C:\Windows\System32\ucrtbase.dll
0x00007ff8e8370000 - 0x00007ff8e838b000 	C:\Program Files\Java\jdk-21\bin\VCRUNTIME140.dll
0x00007ff8d7970000 - 0x00007ff8d7989000 	C:\Program Files\Java\jdk-21\bin\jli.dll
0x00007ff918410000 - 0x00007ff9184be000 	C:\Windows\System32\ADVAPI32.dll
0x00007ff917100000 - 0x00007ff91719e000 	C:\Windows\System32\msvcrt.dll
0x00007ff917430000 - 0x00007ff9174cc000 	C:\Windows\System32\sechost.dll
0x00007ff917a70000 - 0x00007ff917b95000 	C:\Windows\System32\RPCRT4.dll
0x00007ff916f50000 - 0x00007ff9170f1000 	C:\Windows\System32\USER32.dll
0x00007ff916df0000 - 0x00007ff916e12000 	C:\Windows\System32\win32u.dll
0x00007ff918310000 - 0x00007ff91833b000 	C:\Windows\System32\GDI32.dll
0x00007ff916750000 - 0x00007ff91685f000 	C:\Windows\System32\gdi32full.dll
0x00007ff907560000 - 0x00007ff9077fa000 	C:\Windows\WinSxS\amd64_microsoft.windows.common-controls_6595b64144ccf1df_6.0.19041.1110_none_60b5254171f9507e\COMCTL32.dll
0x00007ff916b40000 - 0x00007ff916bdd000 	C:\Windows\System32\msvcp_win.dll
0x00007ff911010000 - 0x00007ff91101a000 	C:\Windows\SYSTEM32\VERSION.dll
0x00007ff9171a0000 - 0x00007ff9171d2000 	C:\Windows\System32\IMM32.DLL
0x00007ff8ee850000 - 0x00007ff8ee85c000 	C:\Program Files\Java\jdk-21\bin\vcruntime140_1.dll
0x00007ff894a00000 - 0x00007ff894a8e000 	C:\Program Files\Java\jdk-21\bin\msvcp140.dll
0x00007ff893ce0000 - 0x00007ff8949f5000 	C:\Program Files\Java\jdk-21\bin\server\jvm.dll
0x00007ff917c40000 - 0x00007ff917cab000 	C:\Windows\System32\WS2_32.dll
0x00007ff916470000 - 0x00007ff9164bb000 	C:\Windows\SYSTEM32\POWRPROF.dll
0x00007ff8e6330000 - 0x00007ff8e6357000 	C:\Windows\SYSTEM32\WINMM.dll
0x00007ff9163a0000 - 0x00007ff9163b2000 	C:\Windows\SYSTEM32\UMPDC.dll
0x00007ff914400000 - 0x00007ff914412000 	C:\Windows\SYSTEM32\kernel.appcore.dll
0x00007ff8ee810000 - 0x00007ff8ee81a000 	C:\Program Files\Java\jdk-21\bin\jimage.dll
0x00007ff906120000 - 0x00007ff906304000 	C:\Windows\SYSTEM32\DBGHELP.DLL
0x00007ff9060e0000 - 0x00007ff906115000 	C:\Windows\SYSTEM32\dbgcore.DLL
0x00007ff916670000 - 0x00007ff9166f2000 	C:\Windows\System32\bcryptPrimitives.dll
0x00007ff8ee8c0000 - 0x00007ff8ee8fc000 	C:\Program Files\Java\jdk-21\bin\jdwp.dll
0x00007ff90ad40000 - 0x00007ff90ad4f000 	C:\Program Files\Java\jdk-21\bin\instrument.dll
0x00007ff8d7950000 - 0x00007ff8d796f000 	C:\Program Files\Java\jdk-21\bin\java.dll
0x00007ff8d6d70000 - 0x00007ff8d6d88000 	C:\Program Files\Java\jdk-21\bin\zip.dll
0x00007ff9186a0000 - 0x00007ff918de4000 	C:\Windows\System32\SHELL32.dll
0x00007ff9146e0000 - 0x00007ff914e72000 	C:\Windows\SYSTEM32\windows.storage.dll
0x00007ff917f00000 - 0x00007ff918255000 	C:\Windows\System32\combase.dll
0x00007ff915f80000 - 0x00007ff915fb0000 	C:\Windows\SYSTEM32\Wldp.dll
0x00007ff9184c0000 - 0x00007ff91856d000 	C:\Windows\System32\SHCORE.dll
0x00007ff917ea0000 - 0x00007ff917ef5000 	C:\Windows\System32\shlwapi.dll
0x00007ff916540000 - 0x00007ff91655f000 	C:\Windows\SYSTEM32\profapi.dll
0x00007ff893c00000 - 0x00007ff893cd7000 	C:\Program Files\Java\jdk-21\bin\jsvml.dll
0x00007ff90ad30000 - 0x00007ff90ad3c000 	C:\Program Files\Java\jdk-21\bin\dt_socket.dll
0x00007ff9159d0000 - 0x00007ff915a0b000 	C:\Windows\SYSTEM32\IPHLPAPI.DLL
0x00007ff915ce0000 - 0x00007ff915d4a000 	C:\Windows\system32\mswsock.dll
0x00007ff8e8360000 - 0x00007ff8e8370000 	C:\Program Files\Java\jdk-21\bin\net.dll
0x00007ff90ae50000 - 0x00007ff90af5c000 	C:\Windows\SYSTEM32\WINHTTP.dll
0x00007ff8d6f70000 - 0x00007ff8d6f86000 	C:\Program Files\Java\jdk-21\bin\nio.dll
0x00007ff8ecdf0000 - 0x00007ff8ece65000 	C:\Users\v22\AppData\Local\Temp\lwjglv22\3.3.1-SNAPSHOT\lwjgl.dll
0x00007ff8de8d0000 - 0x00007ff8dea67000 	C:\Users\v22\AppData\Local\Temp\lwjglv22\3.3.1-SNAPSHOT\OpenAL.dll
0x00007ff917d70000 - 0x00007ff917e9a000 	C:\Windows\System32\ole32.dll

dbghelp: loaded successfully - version: 4.0.5 - missing functions: none
symbol engine: initialized successfully - sym options: 0x614 - pdb path: .;C:\Program Files\Java\jdk-21\bin;C:\Windows\SYSTEM32;C:\Windows\WinSxS\amd64_microsoft.windows.common-controls_6595b64144ccf1df_6.0.19041.1110_none_60b5254171f9507e;C:\Program Files\Java\jdk-21\bin\server;C:\Users\v22\AppData\Local\Temp\lwjglv22\3.3.1-SNAPSHOT

VM Arguments:
jvm_args: -agentlib:jdwp=transport=dt_socket,address=127.0.0.1:53021,suspend=y,server=n -javaagent:C:\Users\v22\AppData\Local\JetBrains\IntelliJIdea2023.3\captureAgent\debugger-agent.jar -Dfile.encoding=UTF-8 -Dsun.stdout.encoding=UTF-8 -Dsun.stderr.encoding=UTF-8 
java_command: dev.mv.ems.Main
java_class_path (initial): C:\Users\v22\Desktop\coding\java\EMS\target\classes;C:\Users\v22\.m2\repository\dev\mv\engine-legacy\1.0\engine-legacy-1.0.jar;C:\Users\v22\Desktop\coding\java\EMS\src\main\lib\mvutils.jar;C:\Users\v22\AppData\Local\Programs\IntelliJ IDEA Ultimate\lib\idea_rt.jar
Launcher Type: SUN_STANDARD

[Global flags]
     intx CICompilerCount                          = 3                                         {product} {ergonomic}
     uint ConcGCThreads                            = 1                                         {product} {ergonomic}
     uint G1ConcRefinementThreads                  = 4                                         {product} {ergonomic}
   size_t G1HeapRegionSize                         = 2097152                                   {product} {ergonomic}
    uintx GCDrainStackTargetSize                   = 64                                        {product} {ergonomic}
   size_t InitialHeapSize                          = 266338304                                 {product} {ergonomic}
   size_t MarkStackSize                            = 4194304                                   {product} {ergonomic}
   size_t MaxHeapSize                              = 4250927104                                {product} {ergonomic}
   size_t MaxNewSize                               = 2550136832                                {product} {ergonomic}
   size_t MinHeapDeltaBytes                        = 2097152                                   {product} {ergonomic}
   size_t MinHeapSize                              = 8388608                                   {product} {ergonomic}
    uintx NonNMethodCodeHeapSize                   = 5832780                                {pd product} {ergonomic}
    uintx NonProfiledCodeHeapSize                  = 122912730                              {pd product} {ergonomic}
    uintx ProfiledCodeHeapSize                     = 122912730                              {pd product} {ergonomic}
    uintx ReservedCodeCacheSize                    = 251658240                              {pd product} {ergonomic}
     bool SegmentedCodeCache                       = true                                      {product} {ergonomic}
   size_t SoftMaxHeapSize                          = 4250927104                             {manageable} {ergonomic}
     bool UseCompressedOops                        = true                           {product lp64_product} {ergonomic}
     bool UseG1GC                                  = true                                      {product} {ergonomic}
     bool UseLargePagesIndividualAllocation        = false                                  {pd product} {ergonomic}

Logging:
Log output configuration:
 #0: stdout all=warning uptime,level,tags foldmultilines=false
 #1: stderr all=off uptime,level,tags foldmultilines=false

Environment Variables:
JAVA_HOME=C:\Program Files\Java\jdk-21
PATH=C:\Windows\system32;C:\Windows;C:\Windows\System32\Wbem;C:\Windows\System32\WindowsPowerShell\v1.0\;C:\Windows\System32\OpenSSH\;C:\MinGW\bin;C:\Program Files\dotnet\;C:\Program Files\nodejs\;C:\Program Files\Git\cmd;C:\Program Files\GitHub CLI\;C:\Users\v22\.cargo\bin;C:\Users\v22\Desktop\Python\Scripts\;C:\Users\v22\Desktop\Python\;C:\Users\v22\AppData\Local\Microsoft\WindowsApps;C:\Users\v22\AppData\Local\atom\bin;C:\Users\v22\AppData\Local\Programs\Microsoft VS Code\bin;C:\Users\v22\.dotnet\tools;C:\Users\v22\AppData\Roaming\npm;C:\Users\v22\Desktop\coding\assembling\.NASM;C:\Users\v22\Desktop\coding\assembling\.FASM;C:\Users\v22\AppData\Local\JetBrains\Toolbox\scripts;C:\Users\v22\Desktop\coding\maven\bin;C:\Users\v22\Desktop\coding\stripe CLI;C:\Users\v22\Desktop\coding\ffmpeg\ffmpeg-6.1-full_build\bin;C:\Program Files\Java\jdk-21\bin;C:\Users\v22\Desktop\coding\shaderc
USERNAME=v22
OS=Windows_NT
PROCESSOR_IDENTIFIER=Intel64 Family 6 Model 158 Stepping 11, GenuineIntel
TMP=C:\Users\v22\AppData\Local\Temp
TEMP=C:\Users\v22\AppData\Local\Temp




Periodic native trim disabled

---------------  S Y S T E M  ---------------

OS:
 Windows 10 , 64 bit Build 19041 (10.0.19041.2364)
OS uptime: 0 days 2:13 hours

CPU: total 4 (initial active 4) (4 cores per cpu, 1 threads per core) family 6 model 158 stepping 11 microcode 0xd2, cx8, cmov, fxsr, mmx, 3dnowpref, sse, sse2, sse3, ssse3, sse4.1, sse4.2, popcnt, lzcnt, tsc, tscinvbit, avx, avx2, aes, erms, clmul, bmi1, bmi2, adx, fma, vzeroupper, clflush, clflushopt, rdtscp, f16c
Processor Information for all 4 processors :
  Max Mhz: 3600, Current Mhz: 3600, Mhz Limit: 3600

Memory: 4k page, system-wide physical 16211M (7516M free)
TotalPageFile size 21011M (AvailPageFile size 10134M)
current process WorkingSet (physical memory assigned to process): 54M, peak: 54M
current process commit charge ("private bytes"): 335M, peak: 335M

vm_info: Java HotSpot(TM) 64-Bit Server VM (21.0.1+12-LTS-29) for windows-amd64 JRE (21.0.1+12-LTS-29), built on 2023-10-05T13:27:09Z by "mach5one" with MS VC++ 17.1 (VS2022)

END.
